Log file open, 01/27/20 17:11:09
LogWindows: Failed to load 'aqProf.dll' (GetLastError=126)
LogWindows: File 'aqProf.dll' does not exist
LogWindows: Failed to load 'VtuneApi.dll' (GetLastError=126)
LogWindows: File 'VtuneApi.dll' does not exist
LogWindows: Failed to load 'VtuneApi32e.dll' (GetLastError=126)
LogWindows: File 'VtuneApi32e.dll' does not exist
LogConsoleResponse: Display: Failed to find resolution value strings in scalability ini. Falling back to default.
LogInit: Display: Running engine for game: HoW
LogPlatformFile: Not using cached read wrapper
LogTaskGraph: Started task graph with 5 named threads and 23 total threads with 3 sets of task threads.
LogStats: Stats thread started at 0.221410
LogD3D11RHI: Loaded GFSDK_Aftermath_Lib.x64.dll
LogICUInternationalization: ICU TimeZone Detection - Raw Offset: +3:00, Platform Override: ''
LogPluginManager: Mounting plugin Paper2D
LogPluginManager: Mounting plugin AISupport
LogPluginManager: Mounting plugin LightPropagationVolume
LogPluginManager: Mounting plugin ActorLayerUtilities
LogPluginManager: Mounting plugin AnimationSharing
LogPluginManager: Mounting plugin CLionSourceCodeAccess
LogPluginManager: Mounting plugin CodeLiteSourceCodeAccess
LogPluginManager: Mounting plugin GitSourceControl
LogPluginManager: Mounting plugin KDevelopSourceCodeAccess
LogPluginManager: Mounting plugin NullSourceCodeAccess
LogPluginManager: Mounting plugin PerforceSourceControl
LogPluginManager: Mounting plugin PlasticSourceControl
LogPluginManager: Mounting plugin SubversionSourceControl
LogPluginManager: Mounting plugin UObjectPlugin
LogPluginManager: Mounting plugin VisualStudioCodeSourceCodeAccess
LogPluginManager: Mounting plugin VisualStudioSourceCodeAccess
LogPluginManager: Mounting plugin XCodeSourceCodeAccess
LogPluginManager: Mounting plugin AssetManagerEditor
LogPluginManager: Mounting plugin CryptoKeys
LogPluginManager: Mounting plugin CurveEditorTools
LogPluginManager: Mounting plugin DataValidation
LogPluginManager: Mounting plugin FacialAnimation
LogPluginManager: Mounting plugin GameplayTagsEditor
LogPluginManager: Mounting plugin MacGraphicsSwitching
LogPluginManager: Mounting plugin MaterialAnalyzer
LogPluginManager: Mounting plugin MobileLauncherProfileWizard
LogPluginManager: Mounting plugin PluginBrowser
LogPluginManager: Mounting plugin SpeedTreeImporter
LogPluginManager: Mounting plugin DatasmithContent
LogPluginManager: Mounting plugin VariantManagerContent
LogPluginManager: Mounting plugin AlembicImporter
LogPluginManager: Mounting plugin AutomationUtils
LogPluginManager: Mounting plugin BackChannel
LogPluginManager: Mounting plugin CharacterAI
LogPluginManager: Mounting plugin GeometryCache
LogPluginManager: Mounting plugin PlatformCrypto
LogPluginManager: Mounting plugin ProxyLODPlugin
LogPluginManager: Mounting plugin SkeletalReduction
LogPluginManager: Mounting plugin MagicLeap
LogPluginManager: Mounting plugin MagicLeapMedia
LogPluginManager: Mounting plugin MLSDK
LogPluginManager: Mounting plugin AndroidMedia
LogPluginManager: Mounting plugin AvfMedia
LogPluginManager: Mounting plugin ImgMedia
LogPluginManager: Mounting plugin MediaCompositing
LogPluginManager: Mounting plugin MediaPlayerEditor
LogPluginManager: Mounting plugin WebMMedia
LogPluginManager: Mounting plugin WmfMedia
LogPluginManager: Mounting plugin TcpMessaging
LogPluginManager: Mounting plugin UdpMessaging
LogPluginManager: Mounting plugin ActorSequence
LogPluginManager: Mounting plugin LevelSequenceEditor
LogPluginManager: Mounting plugin MatineeToLevelSequence
LogPluginManager: Mounting plugin NetcodeUnitTest
LogPluginManager: Mounting plugin NUTUnrealEngine4
LogPluginManager: Mounting plugin OnlineSubsystemGooglePlay
LogPluginManager: Mounting plugin OnlineSubsystemIOS
LogPluginManager: Mounting plugin OnlineSubsystem
LogPluginManager: Mounting plugin OnlineSubsystemNull
LogPluginManager: Mounting plugin OnlineSubsystemUtils
LogPluginManager: Mounting plugin LauncherChunkInstaller
LogPluginManager: Mounting plugin AndroidDeviceProfileSelector
LogPluginManager: Mounting plugin AndroidMoviePlayer
LogPluginManager: Mounting plugin AndroidPermission
LogPluginManager: Mounting plugin AppleImageUtils
LogPluginManager: Mounting plugin AppleMoviePlayer
LogPluginManager: Mounting plugin ArchVisCharacter
LogPluginManager: Mounting plugin AssetTags
LogPluginManager: Mounting plugin AudioCapture
LogPluginManager: Mounting plugin CableComponent
LogPluginManager: Mounting plugin CustomMeshComponent
LogPluginManager: Mounting plugin EditableMesh
LogPluginManager: Mounting plugin ExampleDeviceProfileSelector
LogPluginManager: Mounting plugin GoogleCloudMessaging
LogPluginManager: Mounting plugin IOSDeviceProfileSelector
LogPluginManager: Mounting plugin LinuxDeviceProfileSelector
LogPluginManager: Mounting plugin LocationServicesBPLibrary
LogPluginManager: Mounting plugin MobilePatchingUtils
LogPluginManager: Mounting plugin OculusVR
LogPluginManager: Mounting plugin PhysXVehicles
LogPluginManager: Mounting plugin PostSplashScreen
LogPluginManager: Mounting plugin ProceduralMeshComponent
LogPluginManager: Mounting plugin RuntimePhysXCooking
LogPluginManager: Mounting plugin SignificanceManager
LogPluginManager: Mounting plugin SteamVR
LogPluginManager: Mounting plugin WebMMoviePlayer
LogPluginManager: Mounting plugin WindowsMoviePlayer
LogPluginManager: Mounting plugin ScreenshotTools
LogInit: Using libcurl 7.55.1-DEV
LogInit:  - built for x86_64-pc-win32
LogInit:  - supports SSL with OpenSSL/1.1.1
LogInit:  - supports HTTP deflate (compression) using libz 1.2.8
LogInit:  - other features:
LogInit:      CURL_VERSION_SSL
LogInit:      CURL_VERSION_LIBZ
LogInit:      CURL_VERSION_IPV6
LogInit:      CURL_VERSION_ASYNCHDNS
LogInit:      CURL_VERSION_LARGEFILE
LogInit:      CURL_VERSION_IDN
LogInit:  CurlRequestOptions (configurable via config and command line):
LogInit:  - bVerifyPeer = true  - Libcurl will verify peer certificate
LogInit:  - bUseHttpProxy = false  - Libcurl will NOT use HTTP proxy
LogInit:  - bDontReuseConnections = false  - Libcurl will reuse connections
LogInit:  - MaxHostConnections = 16  - Libcurl will limit the number of connections to a host
LogInit:  - LocalHostAddr = Default
LogInit:  - BufferSize = 65536
LogOnline: OSS: Creating online subsystem instance for: NULL
LogInit: WinSock: version 1.1 (2.2), MaxSocks=32767, MaxUdp=65467
LogOnline: OSS: TryLoadSubsystemAndSetDefault: Loaded subsystem for module [NULL]
LogInit: Build: ++UE4+Release-4.24-CL-10757647
LogInit: Engine Version: 4.24.1-10757647+++UE4+Release-4.24
LogInit: Compatible Engine Version: 4.24.0-10570792+++UE4+Release-4.24
LogInit: Net CL: 10570792
LogInit: OS: Windows 10 (Release 1903) (), CPU: AMD Ryzen 5 2400G with Radeon Vega Graphics    , GPU: Radeon RX 580 Series
LogInit: Compiled (64-bit): Dec 17 2019 02:08:03
LogInit: Compiled with Visual C++: 19.16.27032.01
LogInit: Build Configuration: Development
LogInit: Branch Name: ++UE4+Release-4.24
LogInit: Command Line:  -skipcompile
LogInit: Base Directory: C:/Program Files/Epic Games/UE_4.24/Engine/Binaries/Win64/
LogInit: Installed Engine Build: 1
LogDevObjectVersion: Number of dev versions registered: 25
LogDevObjectVersion:   Dev-Blueprints (B0D832E4-1F89-4F0D-ACCF-7EB736FD4AA2): 10
LogDevObjectVersion:   Dev-Build (E1C64328-A22C-4D53-A36C-8E866417BD8C): 0
LogDevObjectVersion:   Dev-Core (375EC13C-06E4-48FB-B500-84F0262A717E): 3
LogDevObjectVersion:   Dev-Editor (E4B068ED-F494-42E9-A231-DA0B2E46BB41): 37
LogDevObjectVersion:   Dev-Framework (CFFC743F-43B0-4480-9391-14DF171D2073): 36
LogDevObjectVersion:   Dev-Mobile (B02B49B5-BB20-44E9-A304-32B752E40360): 2
LogDevObjectVersion:   Dev-Networking (A4E4105C-59A1-49B5-A7C5-40C4547EDFEE): 0
LogDevObjectVersion:   Dev-Online (39C831C9-5AE6-47DC-9A44-9C173E1C8E7C): 0
LogDevObjectVersion:   Dev-Physics (78F01B33-EBEA-4F98-B9B4-84EACCB95AA2): 2
LogDevObjectVersion:   Dev-Platform (6631380F-2D4D-43E0-8009-CF276956A95A): 0
LogDevObjectVersion:   Dev-Rendering (12F88B9F-8875-4AFC-A67C-D90C383ABD29): 36
LogDevObjectVersion:   Dev-Sequencer (7B5AE74C-D270-4C10-A958-57980B212A5A): 11
LogDevObjectVersion:   Dev-VR (D7296918-1DD6-4BDD-9DE2-64A83CC13884): 2
LogDevObjectVersion:   Dev-LoadTimes (C2A15278-BFE7-4AFE-6C17-90FF531DF755): 1
LogDevObjectVersion:   Private-Geometry (6EACA3D4-40EC-4CC1-B786-8BED09428FC5): 3
LogDevObjectVersion:   Dev-AnimPhys (29E575DD-E0A3-4627-9D10-D276232CDCEA): 17
LogDevObjectVersion:   Dev-Anim (AF43A65D-7FD3-4947-9873-3E8ED9C1BB05): 2
LogDevObjectVersion:   Dev-ReflectionCapture (6B266CEC-1EC7-4B8F-A30B-E4D90942FC07): 1
LogDevObjectVersion:   Dev-Automation (0DF73D61-A23F-47EA-B727-89E90C41499A): 1
LogDevObjectVersion:   FortniteMain (601D1886-AC64-4F84-AA16-D3DE0DEAC7D6): 31
LogDevObjectVersion:   Dev-Enterprise (9DFFBCD6-494F-0158-E221-12823C92A888): 8
LogDevObjectVersion:   Dev-Niagara (F2AED0AC-9AFE-416F-8664-AA7FFA26D6FC): 1
LogDevObjectVersion:   Dev-Destruction (174F1F0B-B4C6-45A5-B13F-2EE8D0FB917D): 9
LogDevObjectVersion:   Dev-Physics-Ext (35F94A83-E258-406C-A318-09F59610247C): 8
LogDevObjectVersion:   Dev-CineCamera (B2E18506-4273-CFC2-A54E-F4BB758BBA07): 1
LogInit: Presizing for max 25165824 objects, including 0 objects not considered by GC, pre-allocating 0 bytes for permanent pool.
LogInit: Object subsystem initialized
LogConfig: Setting CVar [[con.DebugEarlyDefault:1]]
LogConfig: Setting CVar [[r.setres:1280x720]]
[2020.01.27-14.11.09:438][  0]LogConfig: Setting CVar [[r.VSync:0]]
[2020.01.27-14.11.09:438][  0]LogConfig: Setting CVar [[r.RHICmdBypass:0]]
[2020.01.27-14.11.09:438][  0]LogConfig: Applying CVar settings from Section [/Script/Engine.RendererSettings] File [C:/Git/HoW-UE/UE4-client/Saved/Config/Windows/Engine.ini]
[2020.01.27-14.11.09:438][  0]LogConfig: Setting CVar [[r.GPUCrashDebugging:0]]
[2020.01.27-14.11.09:438][  0]LogConfig: Setting CVar [[r.MobileHDR:1]]
[2020.01.27-14.11.09:438][  0]LogConfig: Setting CVar [[r.Mobile.DisableVertexFog:1]]
[2020.01.27-14.11.09:438][  0]LogConfig: Setting CVar [[r.Shadow.CSM.MaxMobileCascades:2]]
[2020.01.27-14.11.09:438][  0]LogConfig: Setting CVar [[r.MobileMSAA:1]]
[2020.01.27-14.11.09:438][  0]LogConfig: Setting CVar [[r.Mobile.UseLegacyShadingModel:0]]
[2020.01.27-14.11.09:439][  0]LogConfig: Setting CVar [[r.Mobile.UseHWsRGBEncoding:0]]
[2020.01.27-14.11.09:439][  0]LogConfig: Setting CVar [[r.Mobile.AllowDitheredLODTransition:0]]
[2020.01.27-14.11.09:439][  0]LogConfig: Setting CVar [[r.Mobile.AllowSoftwareOcclusion:0]]
[2020.01.27-14.11.09:439][  0]LogConfig: Setting CVar [[r.DiscardUnusedQuality:0]]
[2020.01.27-14.11.09:439][  0]LogConfig: Setting CVar [[r.AllowOcclusionQueries:1]]
[2020.01.27-14.11.09:439][  0]LogConfig: Setting CVar [[r.MinScreenRadiusForLights:0.030000]]
[2020.01.27-14.11.09:439][  0]LogConfig: Setting CVar [[r.MinScreenRadiusForDepthPrepass:0.030000]]
[2020.01.27-14.11.09:439][  0]LogConfig: Setting CVar [[r.MinScreenRadiusForCSMDepth:0.010000]]
[2020.01.27-14.11.09:439][  0]LogConfig: Setting CVar [[r.PrecomputedVisibilityWarning:0]]
[2020.01.27-14.11.09:439][  0]LogConfig: Setting CVar [[r.TextureStreaming:1]]
[2020.01.27-14.11.09:439][  0]LogConfig: Setting CVar [[Compat.UseDXT5NormalMaps:0]]
[2020.01.27-14.11.09:439][  0]LogConfig: Setting CVar [[r.ClearCoatNormal:0]]
[2020.01.27-14.11.09:439][  0]LogConfig: Setting CVar [[r.ReflectionCaptureResolution:128]]
[2020.01.27-14.11.09:439][  0]LogConfig: Setting CVar [[r.ReflectionEnvironmentLightmapMixBasedOnRoughness:1]]
[2020.01.27-14.11.09:439][  0]LogConfig: Setting CVar [[r.ForwardShading:0]]
[2020.01.27-14.11.09:439][  0]LogConfig: Setting CVar [[r.VertexFoggingForOpaque:1]]
[2020.01.27-14.11.09:439][  0]LogConfig: Setting CVar [[r.AllowStaticLighting:1]]
[2020.01.27-14.11.09:439][  0]LogConfig: Setting CVar [[r.NormalMapsForStaticLighting:0]]
[2020.01.27-14.11.09:440][  0]LogConfig: Setting CVar [[r.GenerateMeshDistanceFields:0]]
[2020.01.27-14.11.09:440][  0]LogConfig: Setting CVar [[r.DistanceFieldBuild.EightBit:0]]
[2020.01.27-14.11.09:440][  0]LogConfig: Setting CVar [[r.GenerateLandscapeGIData:0]]
[2020.01.27-14.11.09:440][  0]LogConfig: Setting CVar [[r.DistanceFieldBuild.Compress:0]]
[2020.01.27-14.11.09:440][  0]LogConfig: Setting CVar [[r.TessellationAdaptivePixelsPerTriangle:48.000000]]
[2020.01.27-14.11.09:440][  0]LogConfig: Setting CVar [[r.SeparateTranslucency:0]]
[2020.01.27-14.11.09:440][  0]LogConfig: Setting CVar [[r.TranslucentSortPolicy:0]]
[2020.01.27-14.11.09:440][  0]LogConfig: Setting CVar [[r.CustomDepth:1]]
[2020.01.27-14.11.09:440][  0]LogConfig: Setting CVar [[r.CustomDepthTemporalAAJitter:1]]
[2020.01.27-14.11.09:440][  0]LogConfig: Setting CVar [[r.PostProcessing.PropagateAlpha:0]]
[2020.01.27-14.11.09:440][  0]LogConfig: Setting CVar [[r.DefaultFeature.Bloom:1]]
[2020.01.27-14.11.09:440][  0]LogConfig: Setting CVar [[r.DefaultFeature.AmbientOcclusion:0]]
[2020.01.27-14.11.09:440][  0]LogConfig: Setting CVar [[r.DefaultFeature.AmbientOcclusionStaticFraction:1]]
[2020.01.27-14.11.09:440][  0]LogConfig: Setting CVar [[r.DefaultFeature.AutoExposure:0]]
[2020.01.27-14.11.09:440][  0]LogConfig: Setting CVar [[r.DefaultFeature.AutoExposure.Method:0]]
[2020.01.27-14.11.09:440][  0]LogConfig: Setting CVar [[r.DefaultFeature.AutoExposure.ExtendDefaultLuminanceRange:0]]
[2020.01.27-14.11.09:440][  0]LogConfig: Setting CVar [[r.UsePreExposure:0]]
[2020.01.27-14.11.09:440][  0]LogConfig: Setting CVar [[r.DefaultFeature.MotionBlur:0]]
[2020.01.27-14.11.09:440][  0]LogConfig: Setting CVar [[r.DefaultFeature.LensFlare:0]]
[2020.01.27-14.11.09:440][  0]LogConfig: Setting CVar [[r.TemporalAA.Upsampling:0]]
[2020.01.27-14.11.09:441][  0]LogConfig: Setting CVar [[r.DefaultFeature.AntiAliasing:0]]
[2020.01.27-14.11.09:441][  0]LogConfig: Setting CVar [[r.DefaultFeature.LightUnits:1]]
[2020.01.27-14.11.09:441][  0]LogConfig: Setting CVar [[r.DefaultBackBufferPixelFormat:4]]
[2020.01.27-14.11.09:441][  0]LogConfig: Setting CVar [[r.Shadow.UnbuiltPreviewInGame:1]]
[2020.01.27-14.11.09:441][  0]LogConfig: Setting CVar [[r.StencilForLODDither:0]]
[2020.01.27-14.11.09:441][  0]LogConfig: Setting CVar [[r.EarlyZPass:3]]
[2020.01.27-14.11.09:441][  0]LogConfig: Setting CVar [[r.EarlyZPassOnlyMaterialMasking:0]]
[2020.01.27-14.11.09:441][  0]LogConfig: Setting CVar [[r.DBuffer:1]]
[2020.01.27-14.11.09:441][  0]LogConfig: Setting CVar [[r.ClearSceneMethod:1]]
[2020.01.27-14.11.09:441][  0]LogConfig: Setting CVar [[r.BasePassOutputsVelocity:0]]
[2020.01.27-14.11.09:441][  0]LogConfig: Setting CVar [[r.SelectiveBasePassOutputs:0]]
[2020.01.27-14.11.09:441][  0]LogConfig: Setting CVar [[fx.GPUSimulationTextureSizeX:1024]]
[2020.01.27-14.11.09:441][  0]LogConfig: Setting CVar [[fx.GPUSimulationTextureSizeY:1024]]
[2020.01.27-14.11.09:441][  0]LogConfig: Setting CVar [[r.AllowGlobalClipPlane:0]]
[2020.01.27-14.11.09:441][  0]LogConfig: Setting CVar [[r.GBufferFormat:1]]
[2020.01.27-14.11.09:441][  0]LogConfig: Setting CVar [[r.MorphTarget.Mode:1]]
[2020.01.27-14.11.09:441][  0]LogConfig: Setting CVar [[vr.InstancedStereo:0]]
[2020.01.27-14.11.09:442][  0]LogConfig: Setting CVar [[vr.MultiView:0]]
[2020.01.27-14.11.09:442][  0]LogConfig: Setting CVar [[vr.MobileMultiView:0]]
[2020.01.27-14.11.09:442][  0]LogConfig: Setting CVar [[vr.MobileMultiView.Direct:0]]
[2020.01.27-14.11.09:442][  0]LogConfig: Setting CVar [[vr.RoundRobinOcclusion:0]]
[2020.01.27-14.11.09:442][  0]LogConfig: Setting CVar [[vr.ODSCapture:0]]
[2020.01.27-14.11.09:442][  0]LogConfig: Setting CVar [[r.WireframeCullThreshold:5.000000]]
[2020.01.27-14.11.09:442][  0]LogConfig: Setting CVar [[r.RayTracing:0]]
[2020.01.27-14.11.09:442][  0]LogConfig: Setting CVar [[r.SupportStationarySkylight:1]]
[2020.01.27-14.11.09:442][  0]LogConfig: Setting CVar [[r.SupportLowQualityLightmaps:1]]
[2020.01.27-14.11.09:442][  0]LogConfig: Setting CVar [[r.SupportPointLightWholeSceneShadows:1]]
[2020.01.27-14.11.09:442][  0]LogConfig: Setting CVar [[r.SupportAtmosphericFog:1]]
[2020.01.27-14.11.09:442][  0]LogConfig: Setting CVar [[r.SkinCache.CompileShaders:0]]
[2020.01.27-14.11.09:442][  0]LogConfig: Setting CVar [[r.Mobile.EnableStaticAndCSMShadowReceivers:1]]
[2020.01.27-14.11.09:442][  0]LogConfig: Setting CVar [[r.Mobile.EnableMovableLightCSMShaderCulling:1]]
[2020.01.27-14.11.09:442][  0]LogConfig: Setting CVar [[r.Mobile.AllowDistanceFieldShadows:1]]
[2020.01.27-14.11.09:442][  0]LogConfig: Setting CVar [[r.Mobile.AllowMovableDirectionalLights:1]]
[2020.01.27-14.11.09:442][  0]LogConfig: Setting CVar [[r.MobileNumDynamicPointLights:4]]
[2020.01.27-14.11.09:442][  0]LogConfig: Setting CVar [[r.MobileDynamicPointLightsUseStaticBranch:1]]
[2020.01.27-14.11.09:442][  0]LogConfig: Setting CVar [[r.Mobile.EnableMovableSpotlights:0]]
[2020.01.27-14.11.09:442][  0]LogConfig: Setting CVar [[r.SkinCache.SceneMemoryLimitInMB:128.000000]]
[2020.01.27-14.11.09:443][  0]LogConfig: Setting CVar [[r.GPUSkin.Limit2BoneInfluences:0]]
[2020.01.27-14.11.09:443][  0]LogConfig: Setting CVar [[r.SupportDepthOnlyIndexBuffers:1]]
[2020.01.27-14.11.09:443][  0]LogConfig: Setting CVar [[r.SupportReversedIndexBuffers:1]]
[2020.01.27-14.11.09:443][  0]LogConfig: Setting CVar [[r.SupportMaterialLayers:0]]
[2020.01.27-14.11.09:443][  0]LogConfig: Applying CVar settings from Section [/Script/Engine.RendererOverrideSettings] File [C:/Git/HoW-UE/UE4-client/Saved/Config/Windows/Engine.ini]
[2020.01.27-14.11.09:443][  0]LogConfig: Applying CVar settings from Section [/Script/Engine.StreamingSettings] File [C:/Git/HoW-UE/UE4-client/Saved/Config/Windows/Engine.ini]
[2020.01.27-14.11.09:443][  0]LogConfig: Setting CVar [[s.MinBulkDataSizeForAsyncLoading:131072]]
[2020.01.27-14.11.09:443][  0]LogConfig: Setting CVar [[s.AsyncLoadingThreadEnabled:0]]
[2020.01.27-14.11.09:443][  0]LogConfig: Setting CVar [[s.EventDrivenLoaderEnabled:1]]
[2020.01.27-14.11.09:443][  0]LogConfig: Setting CVar [[s.WarnIfTimeLimitExceeded:0]]
[2020.01.27-14.11.09:443][  0]LogConfig: Setting CVar [[s.TimeLimitExceededMultiplier:1.5]]
[2020.01.27-14.11.09:443][  0]LogConfig: Setting CVar [[s.TimeLimitExceededMinTime:0.005]]
[2020.01.27-14.11.09:443][  0]LogConfig: Setting CVar [[s.UseBackgroundLevelStreaming:1]]
[2020.01.27-14.11.09:443][  0]LogConfig: Setting CVar [[s.PriorityAsyncLoadingExtraTime:15.0]]
[2020.01.27-14.11.09:443][  0]LogConfig: Setting CVar [[s.LevelStreamingActorsUpdateTimeLimit:5.0]]
[2020.01.27-14.11.09:443][  0]LogConfig: Setting CVar [[s.PriorityLevelStreamingActorsUpdateExtraTime:5.0]]
[2020.01.27-14.11.09:443][  0]LogConfig: Setting CVar [[s.LevelStreamingComponentsRegistrationGranularity:10]]
[2020.01.27-14.11.09:443][  0]LogConfig: Setting CVar [[s.UnregisterComponentsTimeLimit:1.0]]
[2020.01.27-14.11.09:443][  0]LogConfig: Setting CVar [[s.LevelStreamingComponentsUnregistrationGranularity:5]]
[2020.01.27-14.11.09:443][  0]LogConfig: Setting CVar [[s.FlushStreamingOnExit:1]]
[2020.01.27-14.11.09:444][  0]LogConfig: Applying CVar settings from Section [/Script/Engine.GarbageCollectionSettings] File [C:/Git/HoW-UE/UE4-client/Saved/Config/Windows/Engine.ini]
[2020.01.27-14.11.09:444][  0]LogConfig: Setting CVar [[gc.MaxObjectsNotConsideredByGC:1]]
[2020.01.27-14.11.09:444][  0]LogConfig: Setting CVar [[gc.SizeOfPermanentObjectPool:0]]
[2020.01.27-14.11.09:444][  0]LogConfig: Setting CVar [[gc.FlushStreamingOnGC:0]]
[2020.01.27-14.11.09:444][  0]LogConfig: Setting CVar [[gc.NumRetriesBeforeForcingGC:10]]
[2020.01.27-14.11.09:444][  0]LogConfig: Setting CVar [[gc.AllowParallelGC:1]]
[2020.01.27-14.11.09:444][  0]LogConfig: Setting CVar [[gc.TimeBetweenPurgingPendingKillObjects:61.1]]
[2020.01.27-14.11.09:444][  0]LogConfig: Setting CVar [[gc.MaxObjectsInEditor:25165824]]
[2020.01.27-14.11.09:444][  0]LogConfig: Setting CVar [[gc.IncrementalBeginDestroyEnabled:1]]
[2020.01.27-14.11.09:444][  0]LogConfig: Setting CVar [[gc.CreateGCClusters:1]]
[2020.01.27-14.11.09:444][  0]LogConfig: Setting CVar [[gc.MinGCClusterSize:5]]
[2020.01.27-14.11.09:444][  0]LogConfig: Setting CVar [[gc.ActorClusteringEnabled:0]]
[2020.01.27-14.11.09:444][  0]LogConfig: Setting CVar [[gc.BlueprintClusteringEnabled:0]]
[2020.01.27-14.11.09:444][  0]LogConfig: Setting CVar [[gc.UseDisregardForGCOnDedicatedServers:0]]
[2020.01.27-14.11.09:444][  0]LogConfig: Applying CVar settings from Section [/Script/Engine.NetworkSettings] File [C:/Git/HoW-UE/UE4-client/Saved/Config/Windows/Engine.ini]
[2020.01.27-14.11.09:444][  0]LogConfig: Applying CVar settings from Section [/Script/UnrealEd.CookerSettings] File [C:/Git/HoW-UE/UE4-client/Saved/Config/Windows/Engine.ini]
[2020.01.27-14.11.09:455][  0]LogConfig: Applying CVar settings from Section [ViewDistanceQuality@3] File [C:/Git/HoW-UE/UE4-client/Saved/Config/Windows/Scalability.ini]
[2020.01.27-14.11.09:455][  0]LogConfig: Setting CVar [[r.SkeletalMeshLODBias:0]]
[2020.01.27-14.11.09:455][  0]LogConfig: Setting CVar [[r.ViewDistanceScale:1.0]]
[2020.01.27-14.11.09:455][  0]LogConfig: Applying CVar settings from Section [AntiAliasingQuality@3] File [C:/Git/HoW-UE/UE4-client/Saved/Config/Windows/Scalability.ini]
[2020.01.27-14.11.09:455][  0]LogConfig: Setting CVar [[r.PostProcessAAQuality:4]]
[2020.01.27-14.11.09:455][  0]LogConfig: Applying CVar settings from Section [ShadowQuality@3] File [C:/Git/HoW-UE/UE4-client/Saved/Config/Windows/Scalability.ini]
[2020.01.27-14.11.09:455][  0]LogConfig: Setting CVar [[r.LightFunctionQuality:1]]
[2020.01.27-14.11.09:455][  0]LogConfig: Setting CVar [[r.ShadowQuality:5]]
[2020.01.27-14.11.09:455][  0]LogConfig: Setting CVar [[r.Shadow.CSM.MaxCascades:10]]
[2020.01.27-14.11.09:455][  0]LogConfig: Setting CVar [[r.Shadow.MaxResolution:2048]]
[2020.01.27-14.11.09:455][  0]LogConfig: Setting CVar [[r.Shadow.MaxCSMResolution:2048]]
[2020.01.27-14.11.09:456][  0]LogConfig: Setting CVar [[r.Shadow.RadiusThreshold:0.01]]
[2020.01.27-14.11.09:456][  0]LogConfig: Setting CVar [[r.Shadow.DistanceScale:1.0]]
[2020.01.27-14.11.09:456][  0]LogConfig: Setting CVar [[r.Shadow.CSM.TransitionScale:1.0]]
[2020.01.27-14.11.09:456][  0]LogConfig: Setting CVar [[r.Shadow.PreShadowResolutionFactor:1.0]]
[2020.01.27-14.11.09:456][  0]LogConfig: Setting CVar [[r.DistanceFieldShadowing:1]]
[2020.01.27-14.11.09:456][  0]LogConfig: Setting CVar [[r.DistanceFieldAO:1]]
[2020.01.27-14.11.09:456][  0]LogConfig: Setting CVar [[r.AOQuality:2]]
[2020.01.27-14.11.09:456][  0]LogConfig: Setting CVar [[r.VolumetricFog:1]]
[2020.01.27-14.11.09:456][  0]LogConfig: Setting CVar [[r.VolumetricFog.GridPixelSize:8]]
[2020.01.27-14.11.09:456][  0]LogConfig: Setting CVar [[r.VolumetricFog.GridSizeZ:128]]
[2020.01.27-14.11.09:456][  0]LogConfig: Setting CVar [[r.VolumetricFog.HistoryMissSupersampleCount:4]]
[2020.01.27-14.11.09:456][  0]LogConfig: Setting CVar [[r.LightMaxDrawDistanceScale:1]]
[2020.01.27-14.11.09:456][  0]LogConfig: Setting CVar [[r.CapsuleShadows:1]]
[2020.01.27-14.11.09:456][  0]LogConfig: Applying CVar settings from Section [PostProcessQuality@3] File [C:/Git/HoW-UE/UE4-client/Saved/Config/Windows/Scalability.ini]
[2020.01.27-14.11.09:456][  0]LogConfig: Setting CVar [[r.MotionBlurQuality:4]]
[2020.01.27-14.11.09:456][  0]LogConfig: Setting CVar [[r.AmbientOcclusionMipLevelFactor:0.4]]
[2020.01.27-14.11.09:456][  0]LogConfig: Setting CVar [[r.AmbientOcclusionMaxQuality:100]]
[2020.01.27-14.11.09:456][  0]LogConfig: Setting CVar [[r.AmbientOcclusionLevels:-1]]
[2020.01.27-14.11.09:456][  0]LogConfig: Setting CVar [[r.AmbientOcclusionRadiusScale:1.0]]
[2020.01.27-14.11.09:456][  0]LogConfig: Setting CVar [[r.DepthOfFieldQuality:2]]
[2020.01.27-14.11.09:456][  0]LogConfig: Setting CVar [[r.RenderTargetPoolMin:400]]
[2020.01.27-14.11.09:456][  0]LogConfig: Setting CVar [[r.LensFlareQuality:2]]
[2020.01.27-14.11.09:457][  0]LogConfig: Setting CVar [[r.SceneColorFringeQuality:1]]
[2020.01.27-14.11.09:457][  0]LogConfig: Setting CVar [[r.EyeAdaptationQuality:2]]
[2020.01.27-14.11.09:457][  0]LogConfig: Setting CVar [[r.BloomQuality:5]]
[2020.01.27-14.11.09:457][  0]LogConfig: Setting CVar [[r.FastBlurThreshold:100]]
[2020.01.27-14.11.09:457][  0]LogConfig: Setting CVar [[r.Upscale.Quality:3]]
[2020.01.27-14.11.09:457][  0]LogConfig: Setting CVar [[r.Tonemapper.GrainQuantization:1]]
[2020.01.27-14.11.09:457][  0]LogConfig: Setting CVar [[r.LightShaftQuality:1]]
[2020.01.27-14.11.09:457][  0]LogConfig: Setting CVar [[r.Filter.SizeScale:1]]
[2020.01.27-14.11.09:457][  0]LogConfig: Setting CVar [[r.Tonemapper.Quality:5]]
[2020.01.27-14.11.09:457][  0]LogConfig: Setting CVar [[r.DOF.Gather.AccumulatorQuality:1        ; higher gathering accumulator quality]]
[2020.01.27-14.11.09:457][  0]LogConfig: Setting CVar [[r.DOF.Gather.PostfilterMethod:1          ; Median3x3 postfilering method]]
[2020.01.27-14.11.09:457][  0]LogConfig: Setting CVar [[r.DOF.Gather.EnableBokehSettings:0       ; no bokeh simulation when gathering]]
[2020.01.27-14.11.09:457][  0]LogConfig: Setting CVar [[r.DOF.Gather.RingCount:4                 ; medium number of samples when gathering]]
[2020.01.27-14.11.09:457][  0]LogConfig: Setting CVar [[r.DOF.Scatter.ForegroundCompositing:1    ; additive foreground scattering]]
[2020.01.27-14.11.09:457][  0]LogConfig: Setting CVar [[r.DOF.Scatter.BackgroundCompositing:2    ; additive background scattering]]
[2020.01.27-14.11.09:457][  0]LogConfig: Setting CVar [[r.DOF.Scatter.EnableBokehSettings:1      ; bokeh simulation when scattering]]
[2020.01.27-14.11.09:457][  0]LogConfig: Setting CVar [[r.DOF.Scatter.MaxSpriteRatio:0.1         ; only a maximum of 10% of scattered bokeh]]
[2020.01.27-14.11.09:457][  0]LogConfig: Setting CVar [[r.DOF.Recombine.Quality:1                ; cheap slight out of focus]]
[2020.01.27-14.11.09:458][  0]LogConfig: Setting CVar [[r.DOF.Recombine.EnableBokehSettings:0    ; no bokeh simulation on slight out of focus]]
[2020.01.27-14.11.09:458][  0]LogConfig: Setting CVar [[r.DOF.TemporalAAQuality:1                ; more stable temporal accumulation]]
[2020.01.27-14.11.09:458][  0]LogConfig: Setting CVar [[r.DOF.Kernel.MaxForegroundRadius:0.025]]
[2020.01.27-14.11.09:458][  0]LogConfig: Setting CVar [[r.DOF.Kernel.MaxBackgroundRadius:0.025]]
[2020.01.27-14.11.09:458][  0]LogConfig: Applying CVar settings from Section [TextureQuality@3] File [C:/Git/HoW-UE/UE4-client/Saved/Config/Windows/Scalability.ini]
[2020.01.27-14.11.09:458][  0]LogConfig: Setting CVar [[r.Streaming.MipBias:0]]
[2020.01.27-14.11.09:458][  0]LogConfig: Setting CVar [[r.Streaming.AmortizeCPUToGPUCopy:0]]
[2020.01.27-14.11.09:458][  0]LogConfig: Setting CVar [[r.Streaming.MaxNumTexturesToStreamPerFrame:0]]
[2020.01.27-14.11.09:458][  0]LogConfig: Setting CVar [[r.Streaming.Boost:1]]
[2020.01.27-14.11.09:458][  0]LogConfig: Setting CVar [[r.MaxAnisotropy:8]]
[2020.01.27-14.11.09:458][  0]LogConfig: Setting CVar [[r.VT.MaxAnisotropy:8]]
[2020.01.27-14.11.09:458][  0]LogConfig: Setting CVar [[r.Streaming.LimitPoolSizeToVRAM:0]]
[2020.01.27-14.11.09:458][  0]LogConfig: Setting CVar [[r.Streaming.PoolSize:1000]]
[2020.01.27-14.11.09:458][  0]LogConfig: Setting CVar [[r.Streaming.MaxEffectiveScreenSize:0]]
[2020.01.27-14.11.09:458][  0]LogConfig: Applying CVar settings from Section [EffectsQuality@3] File [C:/Git/HoW-UE/UE4-client/Saved/Config/Windows/Scalability.ini]
[2020.01.27-14.11.09:458][  0]LogConfig: Setting CVar [[r.TranslucencyLightingVolumeDim:64]]
[2020.01.27-14.11.09:458][  0]LogConfig: Setting CVar [[r.RefractionQuality:2]]
[2020.01.27-14.11.09:458][  0]LogConfig: Setting CVar [[r.SSR.Quality:3]]
[2020.01.27-14.11.09:458][  0]LogConfig: Setting CVar [[r.SSR.HalfResSceneColor:0]]
[2020.01.27-14.11.09:458][  0]LogConfig: Setting CVar [[r.SceneColorFormat:4]]
[2020.01.27-14.11.09:459][  0]LogConfig: Setting CVar [[r.DetailMode:2]]
[2020.01.27-14.11.09:459][  0]LogConfig: Setting CVar [[r.TranslucencyVolumeBlur:1]]
[2020.01.27-14.11.09:459][  0]LogConfig: Setting CVar [[r.MaterialQualityLevel:1 ; High quality]]
[2020.01.27-14.11.09:459][  0]LogConfig: Setting CVar [[r.SSS.Scale:1]]
[2020.01.27-14.11.09:459][  0]LogConfig: Setting CVar [[r.SSS.SampleSet:2]]
[2020.01.27-14.11.09:459][  0]LogConfig: Setting CVar [[r.SSS.Quality:1]]
[2020.01.27-14.11.09:459][  0]LogConfig: Setting CVar [[r.SSS.HalfRes:1]]
[2020.01.27-14.11.09:459][  0]LogConfig: Setting CVar [[r.SSGI.Quality:3]]
[2020.01.27-14.11.09:459][  0]LogConfig: Setting CVar [[r.EmitterSpawnRateScale:1.0]]
[2020.01.27-14.11.09:459][  0]LogConfig: Setting CVar [[r.ParticleLightQuality:2]]
[2020.01.27-14.11.09:459][  0]LogConfig: Setting CVar [[r.SkyAtmosphere.AerialPerspectiveLUT.FastApplyOnOpaque:1 ; Always have FastSkyLUT 1 in this case to avoid wrong sky]]
[2020.01.27-14.11.09:459][  0]LogConfig: Setting CVar [[r.SkyAtmosphere.AerialPerspectiveLUT.SampleCountPerSlice:1]]
[2020.01.27-14.11.09:459][  0]LogConfig: Setting CVar [[r.SkyAtmosphere.AerialPerspectiveLUT.DepthResolution:16.0]]
[2020.01.27-14.11.09:459][  0]LogConfig: Setting CVar [[r.SkyAtmosphere.FastSkyLUT:1]]
[2020.01.27-14.11.09:459][  0]LogConfig: Setting CVar [[r.SkyAtmosphere.FastSkyLUT.SampleCountMin:4.0]]
[2020.01.27-14.11.09:460][  0]LogConfig: Setting CVar [[r.SkyAtmosphere.FastSkyLUT.SampleCountMax:32.0]]
[2020.01.27-14.11.09:460][  0]LogConfig: Setting CVar [[r.SkyAtmosphere.SampleCountMin:4.0]]
[2020.01.27-14.11.09:460][  0]LogConfig: Setting CVar [[r.SkyAtmosphere.SampleCountMax:32.0]]
[2020.01.27-14.11.09:460][  0]LogConfig: Setting CVar [[r.SkyAtmosphere.TransmittanceLUT.UseSmallFormat:0]]
[2020.01.27-14.11.09:460][  0]LogConfig: Setting CVar [[r.SkyAtmosphere.TransmittanceLUT.SampleCount:10.0]]
[2020.01.27-14.11.09:460][  0]LogConfig: Setting CVar [[r.SkyAtmosphere.MultiScatteringLUT.SampleCount:15.0]]
[2020.01.27-14.11.09:460][  0]LogConfig: Applying CVar settings from Section [FoliageQuality@3] File [C:/Git/HoW-UE/UE4-client/Saved/Config/Windows/Scalability.ini]
[2020.01.27-14.11.09:460][  0]LogConfig: Setting CVar [[foliage.DensityScale:1.0]]
[2020.01.27-14.11.09:460][  0]LogConfig: Setting CVar [[grass.DensityScale:1.0]]
[2020.01.27-14.11.09:460][  0]LogConfig: Applying CVar settings from Section [ShadingQuality@3] File [C:/Git/HoW-UE/UE4-client/Saved/Config/Windows/Scalability.ini]
[2020.01.27-14.11.09:460][  0]LogConfig: Setting CVar [[r.HairStrands.SkyLighting.SampleCount:16]]
[2020.01.27-14.11.09:460][  0]LogConfig: Setting CVar [[r.HairStrands.SkyLighting.JitterIntegration:0]]
[2020.01.27-14.11.09:460][  0]LogConfig: Setting CVar [[r.HairStrands.SkyAO.SampleCount:16]]
[2020.01.27-14.11.09:460][  0]LogInit: Selected Device Profile: [Windows]
[2020.01.27-14.11.09:460][  0]LogInit: Applying CVar settings loaded from the selected device profile: [Windows]
[2020.01.27-14.11.09:465][  0]LogHAL: Display: Platform has ~ 16 GB [17125445632 / 17179869184 / 16], which maps to Larger [LargestMinGB=32, LargerMinGB=12, DefaultMinGB=8, SmallerMinGB=6, SmallestMinGB=0)
[2020.01.27-14.11.09:465][  0]LogInit: Going up to parent DeviceProfile []
[2020.01.27-14.11.09:465][  0]LogConfig: Applying CVar settings from Section [ViewDistanceQuality@3] File [C:/Git/HoW-UE/UE4-client/Saved/Config/Windows/Scalability.ini]
[2020.01.27-14.11.09:465][  0]LogConfig: Setting CVar [[r.SkeletalMeshLODBias:0]]
[2020.01.27-14.11.09:465][  0]LogConfig: Setting CVar [[r.ViewDistanceScale:1.0]]
[2020.01.27-14.11.09:465][  0]LogConfig: Applying CVar settings from Section [AntiAliasingQuality@3] File [C:/Git/HoW-UE/UE4-client/Saved/Config/Windows/Scalability.ini]
[2020.01.27-14.11.09:465][  0]LogConfig: Setting CVar [[r.PostProcessAAQuality:4]]
[2020.01.27-14.11.09:465][  0]LogConfig: Applying CVar settings from Section [ShadowQuality@3] File [C:/Git/HoW-UE/UE4-client/Saved/Config/Windows/Scalability.ini]
[2020.01.27-14.11.09:465][  0]LogConfig: Setting CVar [[r.LightFunctionQuality:1]]
[2020.01.27-14.11.09:465][  0]LogConfig: Setting CVar [[r.ShadowQuality:5]]
[2020.01.27-14.11.09:465][  0]LogConfig: Setting CVar [[r.Shadow.CSM.MaxCascades:10]]
[2020.01.27-14.11.09:465][  0]LogConfig: Setting CVar [[r.Shadow.MaxResolution:2048]]
[2020.01.27-14.11.09:465][  0]LogConfig: Setting CVar [[r.Shadow.MaxCSMResolution:2048]]
[2020.01.27-14.11.09:465][  0]LogConfig: Setting CVar [[r.Shadow.RadiusThreshold:0.01]]
[2020.01.27-14.11.09:465][  0]LogConfig: Setting CVar [[r.Shadow.DistanceScale:1.0]]
[2020.01.27-14.11.09:466][  0]LogConfig: Setting CVar [[r.Shadow.CSM.TransitionScale:1.0]]
[2020.01.27-14.11.09:466][  0]LogConfig: Setting CVar [[r.Shadow.PreShadowResolutionFactor:1.0]]
[2020.01.27-14.11.09:466][  0]LogConfig: Setting CVar [[r.DistanceFieldShadowing:1]]
[2020.01.27-14.11.09:466][  0]LogConfig: Setting CVar [[r.DistanceFieldAO:1]]
[2020.01.27-14.11.09:466][  0]LogConfig: Setting CVar [[r.AOQuality:2]]
[2020.01.27-14.11.09:466][  0]LogConfig: Setting CVar [[r.VolumetricFog:1]]
[2020.01.27-14.11.09:466][  0]LogConfig: Setting CVar [[r.VolumetricFog.GridPixelSize:8]]
[2020.01.27-14.11.09:466][  0]LogConfig: Setting CVar [[r.VolumetricFog.GridSizeZ:128]]
[2020.01.27-14.11.09:466][  0]LogConfig: Setting CVar [[r.VolumetricFog.HistoryMissSupersampleCount:4]]
[2020.01.27-14.11.09:466][  0]LogConfig: Setting CVar [[r.LightMaxDrawDistanceScale:1]]
[2020.01.27-14.11.09:466][  0]LogConfig: Setting CVar [[r.CapsuleShadows:1]]
[2020.01.27-14.11.09:466][  0]LogConfig: Applying CVar settings from Section [PostProcessQuality@3] File [C:/Git/HoW-UE/UE4-client/Saved/Config/Windows/Scalability.ini]
[2020.01.27-14.11.09:466][  0]LogConfig: Setting CVar [[r.MotionBlurQuality:4]]
[2020.01.27-14.11.09:466][  0]LogConfig: Setting CVar [[r.AmbientOcclusionMipLevelFactor:0.4]]
[2020.01.27-14.11.09:466][  0]LogConfig: Setting CVar [[r.AmbientOcclusionMaxQuality:100]]
[2020.01.27-14.11.09:466][  0]LogConfig: Setting CVar [[r.AmbientOcclusionLevels:-1]]
[2020.01.27-14.11.09:466][  0]LogConfig: Setting CVar [[r.AmbientOcclusionRadiusScale:1.0]]
[2020.01.27-14.11.09:466][  0]LogConfig: Setting CVar [[r.DepthOfFieldQuality:2]]
[2020.01.27-14.11.09:467][  0]LogConfig: Setting CVar [[r.RenderTargetPoolMin:400]]
[2020.01.27-14.11.09:467][  0]LogConfig: Setting CVar [[r.LensFlareQuality:2]]
[2020.01.27-14.11.09:467][  0]LogConfig: Setting CVar [[r.SceneColorFringeQuality:1]]
[2020.01.27-14.11.09:467][  0]LogConfig: Setting CVar [[r.EyeAdaptationQuality:2]]
[2020.01.27-14.11.09:467][  0]LogConfig: Setting CVar [[r.BloomQuality:5]]
[2020.01.27-14.11.09:467][  0]LogConfig: Setting CVar [[r.FastBlurThreshold:100]]
[2020.01.27-14.11.09:467][  0]LogConfig: Setting CVar [[r.Upscale.Quality:3]]
[2020.01.27-14.11.09:467][  0]LogConfig: Setting CVar [[r.Tonemapper.GrainQuantization:1]]
[2020.01.27-14.11.09:467][  0]LogConfig: Setting CVar [[r.LightShaftQuality:1]]
[2020.01.27-14.11.09:467][  0]LogConfig: Setting CVar [[r.Filter.SizeScale:1]]
[2020.01.27-14.11.09:467][  0]LogConfig: Setting CVar [[r.Tonemapper.Quality:5]]
[2020.01.27-14.11.09:467][  0]LogConfig: Setting CVar [[r.DOF.Gather.AccumulatorQuality:1        ; higher gathering accumulator quality]]
[2020.01.27-14.11.09:467][  0]LogConfig: Setting CVar [[r.DOF.Gather.PostfilterMethod:1          ; Median3x3 postfilering method]]
[2020.01.27-14.11.09:467][  0]LogConfig: Setting CVar [[r.DOF.Gather.EnableBokehSettings:0       ; no bokeh simulation when gathering]]
[2020.01.27-14.11.09:467][  0]LogConfig: Setting CVar [[r.DOF.Gather.RingCount:4                 ; medium number of samples when gathering]]
[2020.01.27-14.11.09:467][  0]LogConfig: Setting CVar [[r.DOF.Scatter.ForegroundCompositing:1    ; additive foreground scattering]]
[2020.01.27-14.11.09:467][  0]LogConfig: Setting CVar [[r.DOF.Scatter.BackgroundCompositing:2    ; additive background scattering]]
[2020.01.27-14.11.09:467][  0]LogConfig: Setting CVar [[r.DOF.Scatter.EnableBokehSettings:1      ; bokeh simulation when scattering]]
[2020.01.27-14.11.09:467][  0]LogConfig: Setting CVar [[r.DOF.Scatter.MaxSpriteRatio:0.1         ; only a maximum of 10% of scattered bokeh]]
[2020.01.27-14.11.09:468][  0]LogConfig: Setting CVar [[r.DOF.Recombine.Quality:1                ; cheap slight out of focus]]
[2020.01.27-14.11.09:468][  0]LogConfig: Setting CVar [[r.DOF.Recombine.EnableBokehSettings:0    ; no bokeh simulation on slight out of focus]]
[2020.01.27-14.11.09:468][  0]LogConfig: Setting CVar [[r.DOF.TemporalAAQuality:1                ; more stable temporal accumulation]]
[2020.01.27-14.11.09:468][  0]LogConfig: Setting CVar [[r.DOF.Kernel.MaxForegroundRadius:0.025]]
[2020.01.27-14.11.09:468][  0]LogConfig: Setting CVar [[r.DOF.Kernel.MaxBackgroundRadius:0.025]]
[2020.01.27-14.11.09:468][  0]LogConfig: Applying CVar settings from Section [TextureQuality@3] File [C:/Git/HoW-UE/UE4-client/Saved/Config/Windows/Scalability.ini]
[2020.01.27-14.11.09:468][  0]LogConfig: Setting CVar [[r.Streaming.MipBias:0]]
[2020.01.27-14.11.09:468][  0]LogConfig: Setting CVar [[r.Streaming.AmortizeCPUToGPUCopy:0]]
[2020.01.27-14.11.09:468][  0]LogConfig: Setting CVar [[r.Streaming.MaxNumTexturesToStreamPerFrame:0]]
[2020.01.27-14.11.09:468][  0]LogConfig: Setting CVar [[r.Streaming.Boost:1]]
[2020.01.27-14.11.09:468][  0]LogConfig: Setting CVar [[r.MaxAnisotropy:8]]
[2020.01.27-14.11.09:468][  0]LogConfig: Setting CVar [[r.VT.MaxAnisotropy:8]]
[2020.01.27-14.11.09:468][  0]LogConfig: Setting CVar [[r.Streaming.LimitPoolSizeToVRAM:0]]
[2020.01.27-14.11.09:468][  0]LogConfig: Setting CVar [[r.Streaming.PoolSize:1000]]
[2020.01.27-14.11.09:468][  0]LogConfig: Setting CVar [[r.Streaming.MaxEffectiveScreenSize:0]]
[2020.01.27-14.11.09:468][  0]LogConfig: Applying CVar settings from Section [EffectsQuality@3] File [C:/Git/HoW-UE/UE4-client/Saved/Config/Windows/Scalability.ini]
[2020.01.27-14.11.09:468][  0]LogConfig: Setting CVar [[r.TranslucencyLightingVolumeDim:64]]
[2020.01.27-14.11.09:468][  0]LogConfig: Setting CVar [[r.RefractionQuality:2]]
[2020.01.27-14.11.09:468][  0]LogConfig: Setting CVar [[r.SSR.Quality:3]]
[2020.01.27-14.11.09:468][  0]LogConfig: Setting CVar [[r.SSR.HalfResSceneColor:0]]
[2020.01.27-14.11.09:469][  0]LogConfig: Setting CVar [[r.SceneColorFormat:4]]
[2020.01.27-14.11.09:469][  0]LogConfig: Setting CVar [[r.DetailMode:2]]
[2020.01.27-14.11.09:469][  0]LogConfig: Setting CVar [[r.TranslucencyVolumeBlur:1]]
[2020.01.27-14.11.09:469][  0]LogConfig: Setting CVar [[r.MaterialQualityLevel:1 ; High quality]]
[2020.01.27-14.11.09:469][  0]LogConfig: Setting CVar [[r.SSS.Scale:1]]
[2020.01.27-14.11.09:469][  0]LogConfig: Setting CVar [[r.SSS.SampleSet:2]]
[2020.01.27-14.11.09:469][  0]LogConfig: Setting CVar [[r.SSS.Quality:1]]
[2020.01.27-14.11.09:469][  0]LogConfig: Setting CVar [[r.SSS.HalfRes:1]]
[2020.01.27-14.11.09:469][  0]LogConfig: Setting CVar [[r.SSGI.Quality:3]]
[2020.01.27-14.11.09:469][  0]LogConfig: Setting CVar [[r.EmitterSpawnRateScale:1.0]]
[2020.01.27-14.11.09:469][  0]LogConfig: Setting CVar [[r.ParticleLightQuality:2]]
[2020.01.27-14.11.09:469][  0]LogConfig: Setting CVar [[r.SkyAtmosphere.AerialPerspectiveLUT.FastApplyOnOpaque:1 ; Always have FastSkyLUT 1 in this case to avoid wrong sky]]
[2020.01.27-14.11.09:469][  0]LogConfig: Setting CVar [[r.SkyAtmosphere.AerialPerspectiveLUT.SampleCountPerSlice:1]]
[2020.01.27-14.11.09:469][  0]LogConfig: Setting CVar [[r.SkyAtmosphere.AerialPerspectiveLUT.DepthResolution:16.0]]
[2020.01.27-14.11.09:469][  0]LogConfig: Setting CVar [[r.SkyAtmosphere.FastSkyLUT:1]]
[2020.01.27-14.11.09:469][  0]LogConfig: Setting CVar [[r.SkyAtmosphere.FastSkyLUT.SampleCountMin:4.0]]
[2020.01.27-14.11.09:469][  0]LogConfig: Setting CVar [[r.SkyAtmosphere.FastSkyLUT.SampleCountMax:32.0]]
[2020.01.27-14.11.09:469][  0]LogConfig: Setting CVar [[r.SkyAtmosphere.SampleCountMin:4.0]]
[2020.01.27-14.11.09:470][  0]LogConfig: Setting CVar [[r.SkyAtmosphere.SampleCountMax:32.0]]
[2020.01.27-14.11.09:470][  0]LogConfig: Setting CVar [[r.SkyAtmosphere.TransmittanceLUT.UseSmallFormat:0]]
[2020.01.27-14.11.09:470][  0]LogConfig: Setting CVar [[r.SkyAtmosphere.TransmittanceLUT.SampleCount:10.0]]
[2020.01.27-14.11.09:470][  0]LogConfig: Setting CVar [[r.SkyAtmosphere.MultiScatteringLUT.SampleCount:15.0]]
[2020.01.27-14.11.09:470][  0]LogConfig: Applying CVar settings from Section [FoliageQuality@3] File [C:/Git/HoW-UE/UE4-client/Saved/Config/Windows/Scalability.ini]
[2020.01.27-14.11.09:470][  0]LogConfig: Setting CVar [[foliage.DensityScale:1.0]]
[2020.01.27-14.11.09:470][  0]LogConfig: Setting CVar [[grass.DensityScale:1.0]]
[2020.01.27-14.11.09:470][  0]LogConfig: Applying CVar settings from Section [ShadingQuality@3] File [C:/Git/HoW-UE/UE4-client/Saved/Config/Windows/Scalability.ini]
[2020.01.27-14.11.09:470][  0]LogConfig: Setting CVar [[r.HairStrands.SkyLighting.SampleCount:16]]
[2020.01.27-14.11.09:470][  0]LogConfig: Setting CVar [[r.HairStrands.SkyLighting.JitterIntegration:0]]
[2020.01.27-14.11.09:470][  0]LogConfig: Setting CVar [[r.HairStrands.SkyAO.SampleCount:16]]
[2020.01.27-14.11.09:470][  0]LogConfig: Applying CVar settings from Section [Startup] File [../../../Engine/Config/ConsoleVariables.ini]
[2020.01.27-14.11.09:470][  0]LogConfig: Setting CVar [[net.UseAdaptiveNetUpdateFrequency:0]]
[2020.01.27-14.11.09:471][  0]LogConfig: Setting CVar [[p.chaos.AllowCreatePhysxBodies:1]]
[2020.01.27-14.11.09:471][  0]LogConfig: Applying CVar settings from Section [ConsoleVariables] File [C:/Git/HoW-UE/UE4-client/Saved/Config/Windows/Engine.ini]
[2020.01.27-14.11.09:471][  0]LogInit: Computer: DESKTOP-A7K40FK
[2020.01.27-14.11.09:471][  0]LogInit: User: DmitryNichiporchik
[2020.01.27-14.11.09:471][  0]LogInit: CPU Page size=4096, Cores=4
[2020.01.27-14.11.09:471][  0]LogInit: High frequency timer resolution =10.000000 MHz
[2020.01.27-14.11.09:471][  0]LogMemory: Memory total: Physical=15.9GB (16GB approx)
[2020.01.27-14.11.09:471][  0]LogMemory: Platform Memory Stats for Windows
[2020.01.27-14.11.09:471][  0]LogMemory: Process Physical Memory: 105.70 MB used, 105.70 MB peak
[2020.01.27-14.11.09:471][  0]LogMemory: Process Virtual Memory: 100.66 MB used, 100.66 MB peak
[2020.01.27-14.11.09:471][  0]LogMemory: Physical Memory: 7328.89 MB used,  9003.21 MB free, 16332.10 MB total
[2020.01.27-14.11.09:471][  0]LogMemory: Virtual Memory: 5137.53 MB used,  134212592.00 MB free, 134217728.00 MB total
[2020.01.27-14.11.09:483][  0]LogWindows: WindowsPlatformFeatures enabled
[2020.01.27-14.11.09:626][  0]LogInit: Using OS detected language (en-US).
[2020.01.27-14.11.09:627][  0]LogInit: Using OS detected locale (en-US).
[2020.01.27-14.11.09:628][  0]LogTextLocalizationManager: No specific localization for 'en-US' exists, so the 'en' localization will be used.
[2020.01.27-14.11.09:809][  0]LogInit: Setting process to per monitor DPI aware
[2020.01.27-14.11.09:888][  0]LogSlate: New Slate User Created.  User Index 0, Is Virtual User: 0
[2020.01.27-14.11.09:888][  0]LogSlate: Slate User Registered.  User Index 0, Is Virtual User: 0
[2020.01.27-14.11.10:073][  0]LogHMD: Failed to initialize OpenVR with code 110
[2020.01.27-14.11.10:073][  0]LogD3D11RHI: D3D11 min allowed feature level: 11_0
[2020.01.27-14.11.10:073][  0]LogD3D11RHI: D3D11 max allowed feature level: 11_0
[2020.01.27-14.11.10:073][  0]LogD3D11RHI: D3D11 adapters:
[2020.01.27-14.11.10:136][  0]LogD3D11RHI:    0. 'Radeon RX 580 Series' (Feature Level 11_0)
[2020.01.27-14.11.10:137][  0]LogD3D11RHI:       8137/0/8166 MB DedicatedVideo/DedicatedSystem/SharedSystem, Outputs:1, VendorId:0x1002
[2020.01.27-14.11.10:144][  0]LogD3D11RHI:    1. 'Microsoft Basic Render Driver' (Feature Level 11_0)
[2020.01.27-14.11.10:144][  0]LogD3D11RHI:       0/0/8166 MB DedicatedVideo/DedicatedSystem/SharedSystem, Outputs:0, VendorId:0x1414
[2020.01.27-14.11.10:144][  0]LogD3D11RHI: Chosen D3D11 Adapter: 0
[2020.01.27-14.11.10:152][  0]LogD3D11RHI: Creating new Direct3DDevice
[2020.01.27-14.11.10:153][  0]LogD3D11RHI:     GPU DeviceId: 0x67df (for the marketing name, search the web for "GPU Device Id")
[2020.01.27-14.11.10:153][  0]LogWindows: EnumDisplayDevices:
[2020.01.27-14.11.10:153][  0]LogWindows:    0. 'Radeon RX 580 Series' (P:1 D:1)
[2020.01.27-14.11.10:154][  0]LogWindows:    1. 'Radeon RX 580 Series' (P:0 D:0)
[2020.01.27-14.11.10:154][  0]LogWindows:    2. 'Radeon RX 580 Series' (P:0 D:0)
[2020.01.27-14.11.10:155][  0]LogWindows:    3. 'Radeon RX 580 Series' (P:0 D:0)
[2020.01.27-14.11.10:155][  0]LogWindows:    4. 'Radeon RX 580 Series' (P:0 D:0)
[2020.01.27-14.11.10:156][  0]LogWindows:    5. 'Radeon RX 580 Series' (P:0 D:0)
[2020.01.27-14.11.10:157][  0]LogWindows:    6. 'Radeon RX 580 Series' (P:0 D:0)
[2020.01.27-14.11.10:157][  0]LogWindows:    7. 'Radeon RX 580 Series' (P:0 D:0)
[2020.01.27-14.11.10:158][  0]LogWindows: DebugString: FoundDriverCount:8 
[2020.01.27-14.11.10:158][  0]LogD3D11RHI:     Adapter Name: Radeon RX 580 Series
[2020.01.27-14.11.10:158][  0]LogD3D11RHI:   Driver Version: Adrenalin 19.20 (internal:26.20.12028.2, unified:26.20.12028.2)
[2020.01.27-14.11.10:158][  0]LogD3D11RHI:      Driver Date: 8-16-2019
[2020.01.27-14.11.10:158][  0]LogRHI: Texture pool is 5695 MB (70% of 8137 MB)
[2020.01.27-14.11.10:238][  0]LogD3D11RHI: RHI does not have support for 64 bit atomics
[2020.01.27-14.11.10:238][  0]LogD3D11RHI: Async texture creation enabled
[2020.01.27-14.11.10:251][  0]LogD3D11RHI: GPU Timing Frequency: 25.000000 (Debug: 2 1)
[2020.01.27-14.11.10:616][  0]LogTargetPlatformManager: Display: Loaded TargetPlatform 'AllDesktop'
[2020.01.27-14.11.10:667][  0]LogTargetPlatformManager: Display: Loaded TargetPlatform 'Android'
[2020.01.27-14.11.10:667][  0]LogTargetPlatformManager: Display: Loaded TargetPlatform 'Android_ASTC'
[2020.01.27-14.11.10:667][  0]LogTargetPlatformManager: Display: Loaded TargetPlatform 'Android_ATC'
[2020.01.27-14.11.10:667][  0]LogTargetPlatformManager: Display: Loaded TargetPlatform 'Android_DXT'
[2020.01.27-14.11.10:667][  0]LogTargetPlatformManager: Display: Loaded TargetPlatform 'Android_ETC1'
[2020.01.27-14.11.10:668][  0]LogTargetPlatformManager: Display: Loaded TargetPlatform 'Android_ETC1a'
[2020.01.27-14.11.10:668][  0]LogTargetPlatformManager: Display: Loaded TargetPlatform 'Android_ETC2'
[2020.01.27-14.11.10:668][  0]LogTargetPlatformManager: Display: Loaded TargetPlatform 'Android_PVRTC'
[2020.01.27-14.11.10:668][  0]LogTargetPlatformManager: Display: Loaded TargetPlatform 'AndroidClient'
[2020.01.27-14.11.10:668][  0]LogTargetPlatformManager: Display: Loaded TargetPlatform 'Android_ASTCClient'
[2020.01.27-14.11.10:668][  0]LogTargetPlatformManager: Display: Loaded TargetPlatform 'Android_ATCClient'
[2020.01.27-14.11.10:668][  0]LogTargetPlatformManager: Display: Loaded TargetPlatform 'Android_DXTClient'
[2020.01.27-14.11.10:668][  0]LogTargetPlatformManager: Display: Loaded TargetPlatform 'Android_ETC1Client'
[2020.01.27-14.11.10:668][  0]LogTargetPlatformManager: Display: Loaded TargetPlatform 'Android_ETC1aClient'
[2020.01.27-14.11.10:668][  0]LogTargetPlatformManager: Display: Loaded TargetPlatform 'Android_ETC2Client'
[2020.01.27-14.11.10:668][  0]LogTargetPlatformManager: Display: Loaded TargetPlatform 'Android_PVRTCClient'
[2020.01.27-14.11.10:668][  0]LogTargetPlatformManager: Display: Loaded TargetPlatform 'Android_Multi'
[2020.01.27-14.11.10:668][  0]LogTargetPlatformManager: Display: Loaded TargetPlatform 'Android_MultiClient'
[2020.01.27-14.11.10:703][  0]LogTargetPlatformManager: Display: Loaded TargetPlatform 'IOSClient'
[2020.01.27-14.11.10:703][  0]LogTargetPlatformManager: Display: Loaded TargetPlatform 'IOS'
[2020.01.27-14.11.10:717][  0]LogTargetPlatformManager: Display: Loaded TargetPlatform 'LinuxNoEditor'
[2020.01.27-14.11.10:728][  0]LogTargetPlatformManager: Display: Loaded TargetPlatform 'LinuxClient'
[2020.01.27-14.11.10:741][  0]LogTargetPlatformManager: Display: Loaded TargetPlatform 'LinuxServer'
[2020.01.27-14.11.10:754][  0]LogTargetPlatformManager: Display: Loaded TargetPlatform 'LinuxAArch64NoEditor'
[2020.01.27-14.11.10:766][  0]LogTargetPlatformManager: Display: Loaded TargetPlatform 'LinuxAArch64Client'
[2020.01.27-14.11.10:778][  0]LogTargetPlatformManager: Display: Loaded TargetPlatform 'LinuxAArch64Server'
[2020.01.27-14.11.10:810][  0]LogTargetPlatformManager: Display: Loaded TargetPlatform 'Lumin'
[2020.01.27-14.11.10:810][  0]LogTargetPlatformManager: Display: Loaded TargetPlatform 'LuminClient'
[2020.01.27-14.11.10:833][  0]LogTargetPlatformManager: Display: Loaded TargetPlatform 'TVOSClient'
[2020.01.27-14.11.10:834][  0]LogTargetPlatformManager: Display: Loaded TargetPlatform 'TVOS'
[2020.01.27-14.11.10:847][  0]LogTargetPlatformManager: Display: Loaded TargetPlatform 'WindowsNoEditor'
[2020.01.27-14.11.10:861][  0]LogTargetPlatformManager: Display: Loaded TargetPlatform 'Windows'
[2020.01.27-14.11.10:873][  0]LogTargetPlatformManager: Display: Loaded TargetPlatform 'WindowsClient'
[2020.01.27-14.11.10:885][  0]LogTargetPlatformManager: Display: Loaded TargetPlatform 'WindowsServer'
[2020.01.27-14.11.10:886][  0]LogTargetPlatformManager: Display: Building Assets For Windows
[2020.01.27-14.11.10:899][  0]LogAudioDebug: Display: Lib vorbis DLL was dynamically loaded.
[2020.01.27-14.11.10:987][  0]LogShaderCompilers: Guid format shader working directory is 20 characters bigger than the processId version (../../../../../../Git/HoW-UE/UE4-client/Intermediate/Shaders/WorkingDirectory/12920/).
[2020.01.27-14.11.10:987][  0]LogShaderCompilers: Cleaned the shader compiler working directory 'C:/Users/Dmitry Nichiporchik/AppData/Local/Temp/UnrealShaderWorkingDir/28353CA24278302596B6B589651E9440/'.
[2020.01.27-14.11.10:988][  0]LogXGEController: Cannot use XGE Controller as Incredibuild is not installed on this machine.
[2020.01.27-14.11.10:988][  0]LogShaderCompilers: Cannot use XGE Shader Compiler as Incredibuild is not installed on this machine.
[2020.01.27-14.11.10:988][  0]LogShaderCompilers: Display: Using Local Shader Compiler.
[2020.01.27-14.11.11:773][  0]LogDerivedDataCache: Display: Max Cache Size: 512 MB
[2020.01.27-14.11.11:835][  0]LogDerivedDataCache: Loaded boot cache 0.06s 78MB C:/Users/Dmitry Nichiporchik/AppData/Local/UnrealEngine/4.24/DerivedDataCache/Boot.ddc.
[2020.01.27-14.11.11:835][  0]LogDerivedDataCache: Display: Loaded Boot cache: C:/Users/Dmitry Nichiporchik/AppData/Local/UnrealEngine/4.24/DerivedDataCache/Boot.ddc
[2020.01.27-14.11.11:835][  0]LogDerivedDataCache: FDerivedDataBackendGraph:  Pak pak cache file ../../../../../../Git/HoW-UE/UE4-client/DerivedDataCache/DDC.ddp not found, will not use a pak cache.
[2020.01.27-14.11.11:835][  0]LogDerivedDataCache: Unable to find inner node Pak for hierarchical cache Hierarchy.
[2020.01.27-14.11.11:835][  0]LogDerivedDataCache: FDerivedDataBackendGraph:  CompressedPak pak cache file ../../../../../../Git/HoW-UE/UE4-client/DerivedDataCache/Compressed.ddp not found, will not use a pak cache.
[2020.01.27-14.11.11:835][  0]LogDerivedDataCache: Unable to find inner node CompressedPak for hierarchical cache Hierarchy.
[2020.01.27-14.11.11:849][  0]LogDerivedDataCache: Display: Pak cache opened for reading ../../../Engine/DerivedDataCache/Compressed.ddp.
[2020.01.27-14.11.11:849][  0]LogDerivedDataCache: FDerivedDataBackendGraph:  EnterprisePak pak cache file ../../../Enterprise/DerivedDataCache/Compressed.ddp not found, will not use a pak cache.
[2020.01.27-14.11.11:850][  0]LogDerivedDataCache: Unable to find inner node EnterprisePak for hierarchical cache Hierarchy.
[2020.01.27-14.11.11:853][  0]LogDerivedDataCache: Using Local data cache path C:/Users/Dmitry Nichiporchik/AppData/Local/UnrealEngine/Common/DerivedDataCache: Writable
[2020.01.27-14.11.11:853][  0]LogDerivedDataCache: Shared data cache path not found in *engine.ini, will not use an Shared cache.
[2020.01.27-14.11.11:854][  0]LogDerivedDataCache: Unable to find inner node Shared for hierarchical cache Hierarchy.
[2020.01.27-14.11.11:884][  0]LogMaterial: Verifying Global Shaders for PCD3D_SM5
[2020.01.27-14.11.11:888][  0]LogSlate: Using FreeType 2.10.0
[2020.01.27-14.11.11:888][  0]LogSlate: SlateFontServices - WITH_FREETYPE: 1, WITH_HARFBUZZ: 1
[2020.01.27-14.11.11:951][  0]LogAssetRegistry: FAssetRegistry took 0.0064 seconds to start up
[2020.01.27-14.11.12:283][  0]LogInit: Selected Device Profile: [Windows]
[2020.01.27-14.11.12:489][  0]LogMeshReduction: Using QuadricMeshReduction for automatic static mesh reduction
[2020.01.27-14.11.12:489][  0]LogMeshReduction: Using SimplygonMeshReduction for automatic skeletal mesh reduction
[2020.01.27-14.11.12:490][  0]LogMeshReduction: Using ProxyLODMeshReduction for automatic mesh merging
[2020.01.27-14.11.12:490][  0]LogMeshReduction: No distributed automatic mesh merging module available
[2020.01.27-14.11.12:490][  0]LogMeshMerging: No distributed automatic mesh merging module available
[2020.01.27-14.11.12:508][  0]LogNetVersion: HoW 1.0.0, NetCL: 10570792, EngineNetVer: 13, GameNetVer: 0 (Checksum: 3465102620)
[2020.01.27-14.11.12:567][  0]LogInput: Warning: Action SetDestination uses deprecated key MotionController_Right_Trigger.
[2020.01.27-14.11.12:567][  0]LogInput: Warning: Action ResetVR uses deprecated key MotionController_Left_Grip1.
[2020.01.27-14.11.12:567][  0]LogInput: Warning: Axis TurnRate uses deprecated key MotionController_Right_Thumbstick_X.
[2020.01.27-14.11.13:634][  0]LogPackageLocalizationCache: Processed 10 localized package path(s) for 1 prioritized culture(s) in 0.063595 seconds
[2020.01.27-14.11.13:644][  0]LogUObjectArray: 46746 objects as part of root set at end of initial load.
[2020.01.27-14.11.13:644][  0]LogUObjectAllocator: 8135816 out of 0 bytes used by permanent object pool.
[2020.01.27-14.11.13:644][  0]LogUObjectArray: CloseDisregardForGC: 0/0 objects in disregard for GC pool
[2020.01.27-14.11.14:297][  0]LogTcpMessaging: Initializing TcpMessaging bridge
[2020.01.27-14.11.14:304][  0]LogUdpMessaging: Initializing bridge on interface 0.0.0.0:0 to multicast group 230.0.0.1:6666.
[2020.01.27-14.11.14:437][  0]SourceControl: Source control is disabled
[2020.01.27-14.11.14:437][  0]SourceControl: Source control is disabled
[2020.01.27-14.11.14:440][  0]SourceControl: Source control is disabled
[2020.01.27-14.11.14:444][  0]SourceControl: Source control is disabled
[2020.01.27-14.11.14:448][  0]SourceControl: Source control is disabled
[2020.01.27-14.11.14:670][  0]LogAndroidPermission: UAndroidPermissionCallbackProxy::GetInstance
[2020.01.27-14.11.14:705][  0]LogAudioCaptureCore: Display: No Audio Capture implementations found. Audio input will be silent.
[2020.01.27-14.11.14:705][  0]LogAudioCaptureCore: Display: No Audio Capture implementations found. Audio input will be silent.
[2020.01.27-14.11.14:844][  0]LogOcInput: OculusInput pre-init called
[2020.01.27-14.11.14:858][  0]LogWindows: Failed to load 'OVRPlugin.dll' (GetLastError=126)
[2020.01.27-14.11.14:858][  0]LogWindows: File 'OVRPlugin.dll' does not exist
[2020.01.27-14.11.14:959][  0]LogEngine: Initializing Engine...
[2020.01.27-14.11.14:961][  0]LogHMD: Failed to initialize OpenVR with code 110
[2020.01.27-14.11.14:962][  0]LogStats: UGameplayTagsManager::InitializeManager -  0.000 s
[2020.01.27-14.11.15:361][  0]LogInit: Initializing FReadOnlyCVARCache
[2020.01.27-14.11.15:372][  0]LogAIModule: Creating AISystem for world Untitled
[2020.01.27-14.11.15:397][  0]LogAudioMixer: Display: Audio Mixer Platform Settings:
[2020.01.27-14.11.15:397][  0]LogAudioMixer: Display: 	Sample Rate:						  48000
[2020.01.27-14.11.15:397][  0]LogAudioMixer: Display: 	Callback Buffer Frame Size Requested: 1024
[2020.01.27-14.11.15:397][  0]LogAudioMixer: Display: 	Callback Buffer Frame Size To Use:	  1024
[2020.01.27-14.11.15:397][  0]LogAudioMixer: Display: 	Number of buffers to queue:			  2
[2020.01.27-14.11.15:397][  0]LogAudioMixer: Display: 	Max Channels (voices):				  32
[2020.01.27-14.11.15:397][  0]LogAudioMixer: Display: 	Number of Async Source Workers:		  0
[2020.01.27-14.11.15:397][  0]LogAudio: Display: AudioDevice MaxSources: 32
[2020.01.27-14.11.15:398][  0]LogAudio: Display: Using built-in audio occlusion.
[2020.01.27-14.11.15:398][  0]LogAudioMixer: Display: Initializing audio mixer.
[2020.01.27-14.11.15:421][  0]LogAudioMixer: Display: Audio Device Output Speaker Info:
[2020.01.27-14.11.15:421][  0]LogAudioMixer: Display: Name: Headphones (High Definition Audio Device)
[2020.01.27-14.11.15:422][  0]LogAudioMixer: Display: Is Default: Yes
[2020.01.27-14.11.15:422][  0]LogAudioMixer: Display: Sample Rate: 48000
[2020.01.27-14.11.15:422][  0]LogAudioMixer: Display: Channel Count Used: 2
[2020.01.27-14.11.15:422][  0]LogAudioMixer: Display: Device Channel Count: 2
[2020.01.27-14.11.15:422][  0]LogAudioMixer: Display: Channel Order:
[2020.01.27-14.11.15:422][  0]LogAudioMixer: Display: 0: FrontLeft
[2020.01.27-14.11.15:422][  0]LogAudioMixer: Display: 1: FrontRight
[2020.01.27-14.11.15:453][  0]LogAudioMixer: Display: Using Audio Device Headphones (High Definition Audio Device)
[2020.01.27-14.11.15:462][  0]LogInit: FAudioDevice initialized.
[2020.01.27-14.11.15:462][  0]LogNetVersion: Set ProjectVersion to 1.0.0.0. Version Checksum will be recalculated on next use.
[2020.01.27-14.11.15:551][  0]LogDerivedDataCache: Saved boot cache 0.09s 78MB C:/Users/Dmitry Nichiporchik/AppData/Local/UnrealEngine/4.24/DerivedDataCache/Boot.ddc.
[2020.01.27-14.11.15:560][  0]LogInit: Texture streaming: Enabled
[2020.01.27-14.11.15:584][  0]LogEngineSessionManager: EngineSessionManager initialized
[2020.01.27-14.11.15:584][  0]LogEditorSessionSummary: Verbose: Initializing EditorSessionSummaryWriter for editor session tracking
[2020.01.27-14.11.15:586][  0]LogEditorSessionSummary: EditorSessionSummaryWriter initialized
[2020.01.27-14.11.15:647][  0]LogInit: Transaction tracking system initialized
[2020.01.27-14.11.15:683][  0]BlueprintLog: New page: Editor Load
[2020.01.27-14.11.15:771][  0]LocalizationService: Localization service is disabled
[2020.01.27-14.11.16:172][  0]LogFileCache: Scanning file cache for directory 'C:/Git/HoW-UE/UE4-client/Content/' took 0.01s
[2020.01.27-14.11.16:172][  0]LogCook: Display: Max memory allowance for cook 16384mb min free memory 0mb
[2020.01.27-14.11.16:172][  0]LogCook: Display: Mobile HDR setting 1
[2020.01.27-14.11.16:953][  0]SourceControl: Source control is disabled
[2020.01.27-14.11.16:954][  0]Cmd: MAP LOAD FILE="../../../../../../Git/HoW-UE/UE4-client/Content/TopDownCPP/Maps/TopDownExampleMap.umap" TEMPLATE=0 SHOWPROGRESS=1 FEATURELEVEL=3
[2020.01.27-14.11.16:954][  0]LogEditorServer: Warning: Can't find file '../../../../../../Git/HoW-UE/UE4-client/Content/TopDownCPP/Maps/TopDownExampleMap.umap'
[2020.01.27-14.11.16:955][  0]Cmd: MAP CHECKDEP NOCLEARLOG
[2020.01.27-14.11.16:955][  0]MapCheck: Map check complete: 0 Error(s), 0 Warning(s), took 0.428ms to complete.
[2020.01.27-14.11.16:956][  0]LogFileHelpers: Loading map 'TopDownExampleMap' took 0.002
[2020.01.27-14.11.17:117][  0]LogSlate: Updating window title bar state: overlay mode, drag disabled, window buttons hidden, title bar hidden
[2020.01.27-14.11.17:125][  0]LogSlate: Updating window title bar state: overlay mode, drag disabled, window buttons hidden, title bar hidden
[2020.01.27-14.11.17:133][  0]LogSlate: Updating window title bar state: overlay mode, drag disabled, window buttons hidden, title bar hidden
[2020.01.27-14.11.17:140][  0]LogSlate: Updating window title bar state: overlay mode, drag disabled, window buttons hidden, title bar hidden
[2020.01.27-14.11.17:148][  0]LogCollectionManager: Loaded 0 collections in 0.002606 seconds
[2020.01.27-14.11.17:171][  0]LogFileCache: Scanning file cache for directory 'C:/Git/HoW-UE/UE4-client/Saved/Collections/' took 0.00s
[2020.01.27-14.11.17:171][  0]LogFileCache: Scanning file cache for directory 'C:/Git/HoW-UE/UE4-client/Content/Developers/DmitryNichiporchik/Collections/' took 0.00s
[2020.01.27-14.11.17:171][  0]LogFileCache: Scanning file cache for directory 'C:/Git/HoW-UE/UE4-client/Content/Collections/' took 0.00s
[2020.01.27-14.11.17:171][  0]LogContentBrowser: Native class hierarchy populated in 0.0108 seconds. Added 3022 classes and 721 folders.
[2020.01.27-14.11.17:175][  0]LogContentBrowser: Native class hierarchy updated for 'WidgetCarousel' in 0.0004 seconds. Added 0 classes and 0 folders.
[2020.01.27-14.11.17:226][  0]LogContentBrowser: Native class hierarchy updated for 'AddContentDialog' in 0.0004 seconds. Added 0 classes and 0 folders.
[2020.01.27-14.11.17:232][  0]LogContentBrowser: Native class hierarchy updated for 'SceneOutliner' in 0.0005 seconds. Added 2 classes and 3 folders.
[2020.01.27-14.11.17:322][  0]LogSlate: Took 0.000290 seconds to synchronously load lazily loaded font '../../../Engine/Content/Slate/Fonts/Roboto-Regular.ttf' (155K)
[2020.01.27-14.11.17:324][  0]LogSlate: Took 0.000218 seconds to synchronously load lazily loaded font '../../../Engine/Content/Slate/Fonts/Roboto-Bold.ttf' (160K)
[2020.01.27-14.11.17:330][  0]LogSlate: Took 0.000236 seconds to synchronously load lazily loaded font '../../../Engine/Content/Editor/Slate/Fonts/FontAwesome.ttf' (139K)
[2020.01.27-14.11.17:412][  0]LogRenderer: Reallocating scene render targets to support 1208x572 Format 10 NumSamples 1 (Frame:1).
[2020.01.27-14.11.17:574][  0]LogContentBrowser: Native class hierarchy updated for 'HierarchicalLODOutliner' in 0.0008 seconds. Added 0 classes and 0 folders.
[2020.01.27-14.11.17:575][  0]LogLoad: (Engine Initialization) Total time: 10.11 seconds
[2020.01.27-14.11.17:575][  0]LogLoad: (Engine Initialization) Total Blueprint compile time: 0.00 seconds
[2020.01.27-14.11.17:640][  0]LogContentStreaming: Texture pool size now 1000 MB
[2020.01.27-14.11.17:661][  0]LogSlate: Took 0.000164 seconds to synchronously load lazily loaded font '../../../Engine/Content/Slate/Fonts/Roboto-Light.ttf' (167K)
[2020.01.27-14.11.17:678][  1]LogAssetRegistry: Asset discovery search completed in 5.7319 seconds
[2020.01.27-14.11.17:682][  1]LogCollectionManager: Fixed up redirectors for 0 collections in 0.000009 seconds (updated 0 objects)
[2020.01.27-14.14.52:998][782]LogSlate: Took 0.000187 seconds to synchronously load lazily loaded font '../../../Engine/Content/Slate/Fonts/Roboto-Light.ttf' (167K)
[2020.01.27-14.14.53:300][782]LogStaticMesh: Building static mesh Wand02SM...
[2020.01.27-14.14.53:330][782]LogStaticMesh: Built static mesh [0.03s] /Game/Assets/ModularRPGHeroesPolyart/Meshes/Weapons/Wand02SM.Wand02SM
[2020.01.27-14.14.53:351][782]LogStaticMesh: Building static mesh Wand01SM...
[2020.01.27-14.14.53:379][782]LogStaticMesh: Built static mesh [0.03s] /Game/Assets/ModularRPGHeroesPolyart/Meshes/Weapons/Wand01SM.Wand01SM
[2020.01.27-14.14.53:381][782]LogStaticMesh: Building static mesh Sword02SM...
[2020.01.27-14.14.53:390][782]LogStaticMesh: Built static mesh [0.01s] /Game/Assets/ModularRPGHeroesPolyart/Meshes/Weapons/Sword02SM.Sword02SM
[2020.01.27-14.14.53:392][782]LogStaticMesh: Building static mesh Hammer01SM...
[2020.01.27-14.14.53:427][782]LogStaticMesh: Built static mesh [0.04s] /Game/Assets/ModularRPGHeroesPolyart/Meshes/Weapons/Hammer01SM.Hammer01SM
[2020.01.27-14.14.53:429][782]LogStaticMesh: Building static mesh Backpack02SM...
[2020.01.27-14.14.53:450][782]LogStaticMesh: Built static mesh [0.02s] /Game/Assets/ModularRPGHeroesPolyart/Meshes/Weapons/Backpack02SM.Backpack02SM
[2020.01.27-14.14.53:453][782]LogStaticMesh: Building static mesh Axe01SM...
[2020.01.27-14.14.53:500][782]LogStaticMesh: Built static mesh [0.05s] /Game/Assets/ModularRPGHeroesPolyart/Meshes/Weapons/Axe01SM.Axe01SM
[2020.01.27-14.14.53:503][782]LogStaticMesh: Building static mesh StageSM...
[2020.01.27-14.14.53:506][782]LogStaticMesh: Built static mesh [0.00s] /Game/Assets/ModularRPGHeroesPolyart/Meshes/StageMesh/StageSM.StageSM
[2020.01.27-14.14.53:508][782]LogSkeletalMesh: Building Skeletal Mesh MageSK...
[2020.01.27-14.14.53:529][782]LogSkeletalMesh: Built Skeletal Mesh [0.02s] /Game/Assets/ModularRPGHeroesPolyart/Meshes/OneMeshCharacters/MageSK.MageSK
[2020.01.27-14.14.53:530][782]LogSkeletalMesh: Building Skeletal Mesh ImmortalSK...
[2020.01.27-14.14.53:555][782]LogSkeletalMesh: Built Skeletal Mesh [0.03s] /Game/Assets/ModularRPGHeroesPolyart/Meshes/OneMeshCharacters/ImmortalSK.ImmortalSK
[2020.01.27-14.14.53:555][782]LogSkeletalMesh: Building Skeletal Mesh EngineerSK...
[2020.01.27-14.14.53:581][782]LogSkeletalMesh: Built Skeletal Mesh [0.03s] /Game/Assets/ModularRPGHeroesPolyart/Meshes/OneMeshCharacters/EngineerSK.EngineerSK
[2020.01.27-14.14.53:582][782]LogSkeletalMesh: Building Skeletal Mesh DarkKnightSK...
[2020.01.27-14.14.53:609][782]LogSkeletalMesh: Built Skeletal Mesh [0.03s] /Game/Assets/ModularRPGHeroesPolyart/Meshes/OneMeshCharacters/DarkKnightSK.DarkKnightSK
[2020.01.27-14.14.53:610][782]LogSkeletalMesh: Building Skeletal Mesh CommonerSK...
[2020.01.27-14.14.53:624][782]LogSkeletalMesh: Built Skeletal Mesh [0.01s] /Game/Assets/ModularRPGHeroesPolyart/Meshes/OneMeshCharacters/CommonerSK.CommonerSK
[2020.01.27-14.14.53:625][782]LogSkeletalMesh: Building Skeletal Mesh BattleMageSK...
[2020.01.27-14.14.53:647][782]LogSkeletalMesh: Built Skeletal Mesh [0.02s] /Game/Assets/ModularRPGHeroesPolyart/Meshes/OneMeshCharacters/BattleMageSK.BattleMageSK
[2020.01.27-14.14.53:647][782]LogSkeletalMesh: Building Skeletal Mesh ApprenticeSK...
[2020.01.27-14.14.53:667][782]LogSkeletalMesh: Built Skeletal Mesh [0.02s] /Game/Assets/ModularRPGHeroesPolyart/Meshes/OneMeshCharacters/ApprenticeSK.ApprenticeSK
[2020.01.27-14.14.53:694][782]LogSkeletalMesh: Building Skeletal Mesh KnightSK...
[2020.01.27-14.14.53:717][782]LogSkeletalMesh: Built Skeletal Mesh [0.02s] /Game/Assets/ModularRPGHeroesPolyart/Meshes/OneMeshCharacters/KnightSK.KnightSK
[2020.01.27-14.14.53:718][782]LogStaticMesh: Building static mesh Backpack01SM...
[2020.01.27-14.14.53:740][782]LogStaticMesh: Built static mesh [0.02s] /Game/Assets/ModularRPGHeroesPolyart/Meshes/Weapons/Backpack01SM.Backpack01SM
[2020.01.27-14.14.53:744][782]LogStaticMesh: Building static mesh Sword03SM...
[2020.01.27-14.14.53:767][782]LogStaticMesh: Built static mesh [0.02s] /Game/Assets/ModularRPGHeroesPolyart/Meshes/Weapons/Sword03SM.Sword03SM
[2020.01.27-14.14.53:769][782]LogStaticMesh: Building static mesh Shield04SM...
[2020.01.27-14.14.53:786][782]LogStaticMesh: Built static mesh [0.02s] /Game/Assets/ModularRPGHeroesPolyart/Meshes/Weapons/Shield04SM.Shield04SM
[2020.01.27-14.14.53:815][782]LogAIModule: Creating AISystem for world MagicWandStanceAnimMP
[2020.01.27-14.14.53:846][782]LogAssetEditorSubsystem: Opening Asset editor for World /Game/Assets/ModularRPGHeroesPolyart/Maps/MagicWandStanceAnimMP.MagicWandStanceAnimMP
[2020.01.27-14.14.53:875][782]LogUObjectHash: Compacting FUObjectHashTables data took   2.74ms
[2020.01.27-14.14.53:878][782]Cmd: MAP LOAD FILE="../../../../../../Git/HoW-UE/UE4-client/Content/Assets/ModularRPGHeroesPolyart/Maps/MagicWandStanceAnimMP.umap" TEMPLATE=0 SHOWPROGRESS=1 FEATURELEVEL=3
[2020.01.27-14.14.53:878][782]LightingResults: New page: Lighting Build
[2020.01.27-14.14.53:880][782]LogContentBrowser: Native class hierarchy updated for 'StatsViewer' in 0.0004 seconds. Added 5 classes and 0 folders.
[2020.01.27-14.14.53:881][782]LoadErrors: New page: Loading map: MagicWandStanceAnimMP.umap
[2020.01.27-14.14.53:881][782]LogWorld: UWorld::CleanupWorld for Untitled, bSessionEnded=true, bCleanupResources=true
[2020.01.27-14.14.53:881][782]LogSlate: InvalidateAllWidgets triggered.  All widgets were invalidated
[2020.01.27-14.14.53:881][782]MapCheck: New page: Map Check
[2020.01.27-14.14.53:881][782]LightingResults: New page: Lighting Build
[2020.01.27-14.14.53:907][782]LogUObjectHash: Compacting FUObjectHashTables data took   2.02ms
[2020.01.27-14.14.54:132][782]LogEditorServer: Finished looking for orphan Actors (0.000 secs)
[2020.01.27-14.14.54:164][782]LogUObjectHash: Compacting FUObjectHashTables data took   2.03ms
[2020.01.27-14.14.54:198][782]Cmd: MAP CHECKDEP NOCLEARLOG
[2020.01.27-14.14.54:199][782]MapCheck: Map check complete: 0 Error(s), 0 Warning(s), took 0.269ms to complete.
[2020.01.27-14.14.54:199][782]LogFileHelpers: Loading map 'MagicWandStanceAnimMP' took 0.322
[2020.01.27-14.15.11:443][ 92]LogSlate: Window 'New Level' being destroyed
[2020.01.27-14.15.11:449][ 92]LightingResults: New page: Lighting Build
[2020.01.27-14.15.11:453][ 92]LogWorld: UWorld::CleanupWorld for MagicWandStanceAnimMP, bSessionEnded=true, bCleanupResources=true
[2020.01.27-14.15.11:453][ 92]LogSlate: InvalidateAllWidgets triggered.  All widgets were invalidated
[2020.01.27-14.15.11:453][ 92]MapCheck: New page: Map Check
[2020.01.27-14.15.11:454][ 92]LightingResults: New page: Lighting Build
[2020.01.27-14.15.11:482][ 92]LogUObjectHash: Compacting FUObjectHashTables data took   2.17ms
[2020.01.27-14.15.11:486][ 92]LogAIModule: Creating AISystem for world Untitled
[2020.01.27-14.15.11:563][ 92]LoadErrors: New page: New Map
[2020.01.27-14.15.22:208][566]LogSlate: Window 'Save Level As' being destroyed
[2020.01.27-14.15.22:235][566]Cmd: OBJ SAVEPACKAGE PACKAGE="/Game/World/Menu" FILE="../../../../../../Git/HoW-UE/UE4-client/Content/World/Menu.umap" SILENT=true AUTOSAVING=false KEEPDIRTY=false
[2020.01.27-14.15.22:265][566]LogUObjectHash: Compacting FUObjectHashTables data took   1.88ms
[2020.01.27-14.15.22:278][566]LogSavePackage: Moving '../../../../../../Git/HoW-UE/UE4-client/Saved/Menu043310994FED250D7C378B96A224E3BE.tmp' to '../../../../../../Git/HoW-UE/UE4-client/Content/World/Menu.umap'
[2020.01.27-14.15.22:325][566]LogFileHelpers: Saving map 'Menu' took 0.111
[2020.01.27-14.15.22:333][566]AssetCheck: New page: Asset Save: Menu
[2020.01.27-14.15.22:333][566]LogContentValidation: Display: Validating World /Game/World/Menu.Menu
[2020.01.27-14.15.35:254][724]LogWindowsTextInputMethodSystem: Display: IME system now deactivated.
[2020.01.27-14.15.35:254][724]LogWindowsTextInputMethodSystem: Display: IME system now deactivated.
[2020.01.27-14.17.33:369][369]LogUObjectGlobals: Warning: Failed to find object 'Class /Script/HoW.HoWGameMode'
[2020.01.27-14.17.36:671][759]LogWindowsTextInputMethodSystem: Display: IME system now deactivated.
[2020.01.27-14.17.36:671][759]LogWindowsTextInputMethodSystem: Display: IME system now deactivated.
[2020.01.27-14.18.16:759][421]LogMetaData: Removing '/Game/UMG/Widgets/W_Menu.SKEL_W_Menu_C' ref from Metadata '/Game/UMG/W_Menu.PackageMetaData'
[2020.01.27-14.18.16:759][421]LogMetaData: Removing '/Game/UMG/Widgets/W_Menu.W_Menu_C' ref from Metadata '/Game/UMG/W_Menu.PackageMetaData'
[2020.01.27-14.18.16:759][421]LogMetaData: Removing '/Game/UMG/Widgets/W_Menu.W_Menu:EventGraph.K2Node_Event_0' ref from Metadata '/Game/UMG/W_Menu.PackageMetaData'
[2020.01.27-14.18.16:759][421]LogMetaData: Removing '/Game/UMG/Widgets/W_Menu.W_Menu:EventGraph.K2Node_Event_1' ref from Metadata '/Game/UMG/W_Menu.PackageMetaData'
[2020.01.27-14.18.16:759][421]LogMetaData: Removing '/Game/UMG/Widgets/W_Menu.W_Menu:EventGraph.K2Node_Event_2' ref from Metadata '/Game/UMG/W_Menu.PackageMetaData'
[2020.01.27-14.18.16:795][421]Cmd: OBJ SAVEPACKAGE PACKAGE="/Game/UMG/Widgets/W_Menu" FILE="../../../../../../Git/HoW-UE/UE4-client/Content/UMG/Widgets/W_Menu.uasset" SILENT=true
[2020.01.27-14.18.16:812][421]LogSavePackage: Moving '../../../../../../Git/HoW-UE/UE4-client/Saved/W_Menu77C26851459171AD4B61608F4DAD00B6.tmp' to '../../../../../../Git/HoW-UE/UE4-client/Content/UMG/Widgets/W_Menu.uasset'
[2020.01.27-14.18.16:965][421]LogUObjectHash: Compacting FUObjectHashTables data took   1.66ms
[2020.01.27-14.18.16:999][421]LogUObjectHash: Compacting FUObjectHashTables data took   1.69ms
[2020.01.27-14.18.17:024][421]LogUObjectHash: Compacting FUObjectHashTables data took   0.85ms
[2020.01.27-14.18.17:050][421]AssetCheck: New page: Asset Save: W_Menu
[2020.01.27-14.18.17:050][421]LogContentValidation: Display: Validating WidgetBlueprint /Game/UMG/Widgets/W_Menu.W_Menu
[2020.01.27-14.18.54:617][904]LogAssetEditorSubsystem: Opening Asset editor for Blueprint /Game/Main/Menu/HUD_Menu.HUD_Menu
[2020.01.27-14.18.54:870][904]LogContentBrowser: Native class hierarchy updated for 'BlueprintGraph' in 0.0008 seconds. Added 121 classes and 0 folders.
[2020.01.27-14.18.56:893][ 18]LogSlate: Window 'HUD_Menu' being destroyed
[2020.01.27-14.18.56:901][ 18]LogWorld: UWorld::CleanupWorld for World_1, bSessionEnded=true, bCleanupResources=true
[2020.01.27-14.18.56:901][ 18]LogSlate: InvalidateAllWidgets triggered.  All widgets were invalidated
[2020.01.27-14.18.56:981][ 18]LogAssetEditorSubsystem: Opening Asset editor for Blueprint /Game/Main/Menu/HUD_Menu.HUD_Menu
[2020.01.27-14.18.57:373][ 18]LogSlate: Took 0.000253 seconds to synchronously load lazily loaded font '../../../Engine/Content/Slate/Fonts/Roboto-BoldCondensed.ttf' (158K)
[2020.01.27-14.19.27:585][ 10]LogSlate: Took 0.000240 seconds to synchronously load lazily loaded font '../../../Engine/Content/Slate/Fonts/Roboto-Italic.ttf' (157K)
[2020.01.27-14.19.30:539][306]BlueprintLog: New page: Compile HUD_Menu
[2020.01.27-14.19.30:857][306]LogUObjectHash: Compacting FUObjectHashTables data took   5.32ms
[2020.01.27-14.19.31:455][362]Cmd: OBJ SAVEPACKAGE PACKAGE="/Game/Main/Menu/HUD_Menu" FILE="../../../../../../Git/HoW-UE/UE4-client/Content/Main/Menu/HUD_Menu.uasset" SILENT=true
[2020.01.27-14.19.31:482][362]LogSavePackage: Moving '../../../../../../Git/HoW-UE/UE4-client/Saved/HUD_MenuE7383D4D474A9072E16AEFBA0BBA7E40.tmp' to '../../../../../../Git/HoW-UE/UE4-client/Content/Main/Menu/HUD_Menu.uasset'
[2020.01.27-14.19.31:498][362]AssetCheck: New page: Asset Save: HUD_Menu
[2020.01.27-14.19.31:498][362]LogContentValidation: Display: Validating Blueprint /Game/Main/Menu/HUD_Menu.HUD_Menu
[2020.01.27-14.19.32:688][477]LogSlate: Window 'HUD_Menu' being destroyed
[2020.01.27-14.19.46:531][672]LogWindowsTextInputMethodSystem: Display: IME system now deactivated.
[2020.01.27-14.19.46:532][672]LogWindowsTextInputMethodSystem: Display: IME system now deactivated.
[2020.01.27-14.21.39:616][163]LogAssetEditorSubsystem: Opening Asset editor for WidgetBlueprint /Game/UMG/Widgets/W_Menu.W_Menu
[2020.01.27-14.21.41:018][224]LogUObjectHash: Compacting FUObjectHashTables data took   4.19ms
[2020.01.27-14.21.41:095][224]LogSlate: Window 'HoW - Unreal Editor' being destroyed
[2020.01.27-14.21.41:250][224]LogWorld: UWorld::CleanupWorld for World_2, bSessionEnded=true, bCleanupResources=true
[2020.01.27-14.21.41:252][224]LogSlate: InvalidateAllWidgets triggered.  All widgets were invalidated
[2020.01.27-14.21.41:309][224]LogWorld: UWorld::CleanupWorld for World_4, bSessionEnded=true, bCleanupResources=true
[2020.01.27-14.21.41:310][224]LogSlate: InvalidateAllWidgets triggered.  All widgets were invalidated
[2020.01.27-14.21.41:329][224]LogWorld: UWorld::CleanupWorld for World_3, bSessionEnded=true, bCleanupResources=true
[2020.01.27-14.21.41:330][224]LogSlate: InvalidateAllWidgets triggered.  All widgets were invalidated
[2020.01.27-14.21.41:377][225]Cmd: QUIT_EDITOR
[2020.01.27-14.21.41:378][225]LogCore: Engine exit requested (reason: UUnrealEdEngine::CloseEditor())
[2020.01.27-14.21.41:391][225]LogCore: Engine exit requested (reason: EngineExit() was called; note: exit was already requested)
[2020.01.27-14.21.41:393][225]LogAudioMixer: Display: No commands were queued while flushing the source manager.
[2020.01.27-14.21.41:406][225]LogWindowsTextInputMethodSystem: Display: IME system now deactivated.
[2020.01.27-14.21.41:420][225]LogExit: Preparing to exit.
[2020.01.27-14.21.42:348][225]LogWorld: UWorld::CleanupWorld for World_0, bSessionEnded=true, bCleanupResources=true
[2020.01.27-14.21.42:381][225]LogDemo: Cleaned up 0 splitscreen connections with owner deletion
[2020.01.27-14.21.42:406][225]LogWorld: UWorld::CleanupWorld for None, bSessionEnded=true, bCleanupResources=true
[2020.01.27-14.21.42:406][225]LogExit: Editor shut down
[2020.01.27-14.21.42:406][225]LogExit: Transaction tracking system shut down
[2020.01.27-14.21.42:636][225]LogExit: Object subsystem successfully closed.
[2020.01.27-14.21.42:676][225]LogShaderCompilers: Display: Shaders left to compile 0
[2020.01.27-14.21.42:713][225]LogModuleManager: Shutting down and abandoning module SequencerWidgets (710)
[2020.01.27-14.21.42:713][225]LogModuleManager: Shutting down and abandoning module BlueprintGraph (708)
[2020.01.27-14.21.42:713][225]LogModuleManager: Shutting down and abandoning module ExternalImagePicker (706)
[2020.01.27-14.21.42:713][225]LogModuleManager: Shutting down and abandoning module HierarchicalLODUtilities (704)
[2020.01.27-14.21.42:713][225]LogModuleManager: Shutting down and abandoning module NewLevelDialog (702)
[2020.01.27-14.21.42:713][225]LogModuleManager: Shutting down and abandoning module StatsViewer (700)
[2020.01.27-14.21.42:713][225]LogModuleManager: Shutting down and abandoning module MeshBuilder (698)
[2020.01.27-14.21.42:714][225]LogModuleManager: Shutting down and abandoning module HierarchicalLODOutliner (696)
[2020.01.27-14.21.42:714][225]LogModuleManager: Shutting down and abandoning module SceneOutliner (694)
[2020.01.27-14.21.42:714][225]LogModuleManager: Shutting down and abandoning module AddContentDialog (692)
[2020.01.27-14.21.42:714][225]LogModuleManager: Shutting down and abandoning module WidgetCarousel (691)
[2020.01.27-14.21.42:715][225]LogModuleManager: Shutting down and abandoning module EditorWidgets (688)
[2020.01.27-14.21.42:715][225]LogModuleManager: Shutting down and abandoning module CollectionManager (686)
[2020.01.27-14.21.42:715][225]LogModuleManager: Shutting down and abandoning module VirtualTexturingEditor (684)
[2020.01.27-14.21.42:715][225]LogModuleManager: Shutting down and abandoning module FoliageEdit (682)
[2020.01.27-14.21.42:715][225]LogModuleManager: Shutting down and abandoning module LandscapeEditor (680)
[2020.01.27-14.21.42:715][225]LogModuleManager: Shutting down and abandoning module MeshPaintMode (678)
[2020.01.27-14.21.42:715][225]LogModuleManager: Shutting down and abandoning module SceneDepthPickerMode (676)
[2020.01.27-14.21.42:715][225]LogModuleManager: Shutting down and abandoning module ActorPickerMode (674)
[2020.01.27-14.21.42:715][225]LogModuleManager: Shutting down and abandoning module GeometryMode (672)
[2020.01.27-14.21.42:716][225]LogModuleManager: Shutting down and abandoning module TextureAlignMode (670)
[2020.01.27-14.21.42:716][225]LogModuleManager: Shutting down and abandoning module BspMode (668)
[2020.01.27-14.21.42:716][225]LogModuleManager: Shutting down and abandoning module PIEPreviewDeviceProfileSelector (666)
[2020.01.27-14.21.42:716][225]LogModuleManager: Shutting down and abandoning module SequenceRecorderSections (664)
[2020.01.27-14.21.42:716][225]LogModuleManager: Shutting down and abandoning module AutomationWorker (662)
[2020.01.27-14.21.42:716][225]LogModuleManager: Shutting down and abandoning module SteamVREditor (660)
[2020.01.27-14.21.42:716][225]LogModuleManager: Shutting down and abandoning module OculusMR (658)
[2020.01.27-14.21.42:716][225]LogModuleManager: Shutting down and abandoning module AudioCaptureEditor (656)
[2020.01.27-14.21.42:716][225]LogModuleManager: Shutting down and abandoning module MatineeToLevelSequence (654)
[2020.01.27-14.21.42:716][225]LogModuleManager: Shutting down and abandoning module LevelSequenceEditor (652)
[2020.01.27-14.21.42:716][225]LogModuleManager: Shutting down and abandoning module PlacementMode (651)
[2020.01.27-14.21.42:716][225]LogModuleManager: Shutting down and abandoning module MaterialEditor (650)
[2020.01.27-14.21.42:716][225]LogModuleManager: Shutting down and abandoning module ActorSequenceEditor (646)
[2020.01.27-14.21.42:716][225]LogModuleManager: Shutting down and abandoning module WmfMediaFactory (644)
[2020.01.27-14.21.42:716][225]LogModuleManager: Shutting down and abandoning module WmfMediaEditor (642)
[2020.01.27-14.21.42:717][225]LogModuleManager: Shutting down and abandoning module WebMMediaFactory (640)
[2020.01.27-14.21.42:717][225]LogModuleManager: Shutting down and abandoning module WebMMediaEditor (638)
[2020.01.27-14.21.42:717][225]LogModuleManager: Shutting down and abandoning module WebMMedia (636)
[2020.01.27-14.21.42:717][225]LogModuleManager: Shutting down and abandoning module MediaPlayerEditor (634)
[2020.01.27-14.21.42:717][225]LogModuleManager: Shutting down and abandoning module MediaCompositingEditor (632)
[2020.01.27-14.21.42:717][225]LogModuleManager: Shutting down and abandoning module SequenceRecorder (631)
[2020.01.27-14.21.42:717][225]LogModuleManager: Shutting down and abandoning module OpenExrWrapper (628)
[2020.01.27-14.21.42:717][225]LogModuleManager: Shutting down and abandoning module ImgMediaFactory (626)
[2020.01.27-14.21.42:717][225]LogModuleManager: Shutting down and abandoning module ImgMediaEditor (624)
[2020.01.27-14.21.42:717][225]LogModuleManager: Shutting down and abandoning module AvfMediaFactory (622)
[2020.01.27-14.21.42:717][225]LogModuleManager: Shutting down and abandoning module AvfMediaEditor (620)
[2020.01.27-14.21.42:717][225]LogModuleManager: Shutting down and abandoning module AndroidMediaFactory (618)
[2020.01.27-14.21.42:717][225]LogModuleManager: Shutting down and abandoning module AndroidMediaEditor (616)
[2020.01.27-14.21.42:717][225]LogModuleManager: Shutting down and abandoning module MagicLeapMediaCodecFactory (614)
[2020.01.27-14.21.42:717][225]LogModuleManager: Shutting down and abandoning module MagicLeapMediaFactory (612)
[2020.01.27-14.21.42:717][225]LogModuleManager: Shutting down and abandoning module MagicLeapMediaEditor (610)
[2020.01.27-14.21.42:718][225]LogModuleManager: Shutting down and abandoning module CharacterAI (608)
[2020.01.27-14.21.42:718][225]LogModuleManager: Shutting down and abandoning module SmartSnapping (606)
[2020.01.27-14.21.42:718][225]LogModuleManager: Shutting down and abandoning module SessionServices (604)
[2020.01.27-14.21.42:718][225]LogModuleManager: Shutting down and abandoning module MeshPaint (602)
[2020.01.27-14.21.42:718][225]LogModuleManager: Shutting down and abandoning module ViewportSnapping (600)
[2020.01.27-14.21.42:718][225]LogModuleManager: Shutting down and abandoning module ViewportInteraction (598)
[2020.01.27-14.21.42:718][225]LogModuleManager: Shutting down and abandoning module ClothPainter (596)
[2020.01.27-14.21.42:718][225]LogModuleManager: Shutting down and abandoning module SkeletalMeshEditor (595)
[2020.01.27-14.21.42:718][225]LogModuleManager: Shutting down and abandoning module LogVisualizer (592)
[2020.01.27-14.21.42:718][225]LogModuleManager: Shutting down and abandoning module IntroTutorials (590)
[2020.01.27-14.21.42:718][225]LogModuleManager: Shutting down and abandoning module GameProjectGeneration (589)
[2020.01.27-14.21.42:718][225]LogModuleManager: Shutting down and abandoning module LuminPlatformEditor (586)
[2020.01.27-14.21.42:718][225]LogModuleManager: Shutting down and abandoning module IOSPlatformEditor (584)
[2020.01.27-14.21.42:718][225]LogModuleManager: Shutting down and abandoning module AndroidPlatformEditor (582)
[2020.01.27-14.21.42:718][225]LogModuleManager: Shutting down and abandoning module AndroidDeviceDetection (581)
